2023-05-31 10:38:25,442 INFO org.springframework.boot.StartupInfoLogger [main] Starting CertificatesAppApplication using Java 17.0.5 on MilosStojanovic with PID 8364 (D:\Faks\3. Godina\Informaciona bezbednost\IB-Tim4\backend\target\classes started by MMDE Laptop in D:\Faks\3. Godina\Informaciona bezbednost\IB-Tim4\backend)
2023-05-31 10:38:25,439 INFO org.hibernate.validator.internal.util.Version [background-preinit] HV000001: Hibernate Validator 6.2.5.Final
2023-05-31 10:38:25,445 DEBUG org.springframework.boot.StartupInfoLogger [main] Running with Spring Boot v2.7.9, Spring v5.3.25
2023-05-31 10:38:25,446 INFO org.springframework.boot.SpringApplication [main] No active profile set, falling back to 1 default profile: "default"
2023-05-31 10:38:27,617 INFO org.springframework.data.repository.config.RepositoryConfigurationDelegate [main] Bootstrapping Spring Data JPA repositories in DEFAULT mode.
2023-05-31 10:38:27,793 INFO org.springframework.data.repository.config.RepositoryConfigurationDelegate [main] Finished Spring Data repository scanning in 157 ms. Found 5 JPA repository interfaces.
2023-05-31 10:38:29,381 INFO org.springframework.boot.web.embedded.tomcat.TomcatWebServer [main] Tomcat initialized with port(s): 8081 (http)
2023-05-31 10:38:29,405 INFO org.apache.juli.logging.DirectJDKLog [main] Initializing ProtocolHandler ["http-nio-8081"]
2023-05-31 10:38:29,407 INFO org.apache.juli.logging.DirectJDKLog [main] Starting service [Tomcat]
2023-05-31 10:38:29,408 INFO org.apache.juli.logging.DirectJDKLog [main] Starting Servlet engine: [Apache Tomcat/9.0.71]
2023-05-31 10:38:29,793 INFO org.apache.juli.logging.DirectJDKLog [main] Initializing Spring embedded WebApplicationContext
2023-05-31 10:38:29,794 INFO org.springframework.boot.web.servlet.context.ServletWebServerApplicationContext [main] Root WebApplicationContext: initialization completed in 4188 ms
2023-05-31 10:38:30,167 INFO org.hibernate.jpa.internal.util.LogHelper [main] HHH000204: Processing PersistenceUnitInfo [name: default]
2023-05-31 10:38:30,311 INFO org.hibernate.Version [main] HHH000412: Hibernate ORM core version 5.6.15.Final
2023-05-31 10:38:30,804 INFO org.hibernate.annotations.common.reflection.java.JavaReflectionManager [main] HCANN000001: Hibernate Commons Annotations {5.1.2.Final}
2023-05-31 10:38:31,084 INFO com.zaxxer.hikari.HikariDataSource [main] HikariPool-1 - Starting...
2023-05-31 10:38:31,533 INFO com.zaxxer.hikari.HikariDataSource [main] HikariPool-1 - Start completed.
2023-05-31 10:38:31,576 INFO org.hibernate.dialect.Dialect [main] HHH000400: Using dialect: org.hibernate.dialect.PostgreSQLDialect
2023-05-31 10:38:34,095 INFO org.hibernate.engine.transaction.jta.platform.internal.JtaPlatformInitiator [main] HHH000490: Using JtaPlatform implementation: [org.hibernate.engine.transaction.jta.platform.internal.NoJtaPlatform]
2023-05-31 10:38:34,119 INFO org.springframework.orm.jpa.AbstractEntityManagerFactoryBean [main] Initialized JPA EntityManagerFactory for persistence unit 'default'
2023-05-31 10:38:35,064 DEBUG org.springframework.web.filter.GenericFilterBean [main] Filter 'jwtRequestFilter' configured for use
2023-05-31 10:38:36,152 WARN org.springframework.boot.autoconfigure.orm.jpa.JpaBaseConfiguration$JpaWebConfiguration [main] spring.jpa.open-in-view is enabled by default. Therefore, database queries may be performed during view rendering. Explicitly configure spring.jpa.open-in-view to disable this warning
2023-05-31 10:38:36,747 INFO org.springframework.security.web.DefaultSecurityFilterChain [main] Will secure any request with [org.springframework.security.web.session.DisableEncodeUrlFilter@32121140, org.springframework.security.web.context.request.async.WebAsyncManagerIntegrationFilter@96c840a, org.springframework.security.web.context.SecurityContextPersistenceFilter@4511146f, org.springframework.security.web.header.HeaderWriterFilter@261609a7, org.springframework.web.filter.CorsFilter@5c81ddab, org.springframework.security.web.authentication.logout.LogoutFilter@2d02a066, com.IBTim4.CertificatesApp.auth.JwtRequestFilter@a97a895, org.springframework.security.web.savedrequest.RequestCacheAwareFilter@6885f3f7, org.springframework.security.web.servletapi.SecurityContextHolderAwareRequestFilter@392ef4ff, org.springframework.security.web.authentication.AnonymousAuthenticationFilter@24ee6faa, org.springframework.security.web.session.SessionManagementFilter@4b7a4c83, org.springframework.security.web.access.ExceptionTranslationFilter@354e2bff, org.springframework.security.web.access.intercept.FilterSecurityInterceptor@b04a6a4]
2023-05-31 10:38:37,356 INFO org.apache.juli.logging.DirectJDKLog [main] Starting ProtocolHandler ["http-nio-8081"]
2023-05-31 10:38:37,402 INFO org.springframework.boot.web.embedded.tomcat.TomcatWebServer [main] Tomcat started on port(s): 8081 (http) with context path ''
2023-05-31 10:38:37,436 INFO org.springframework.boot.StartupInfoLogger [main] Started CertificatesAppApplication in 12.868 seconds (JVM running for 14.163)
2023-05-31 10:38:44,761 INFO org.apache.juli.logging.DirectJDKLog [http-nio-8081-exec-1] Initializing Spring DispatcherServlet 'dispatcherServlet'
2023-05-31 10:38:44,763 INFO org.springframework.web.servlet.FrameworkServlet [http-nio-8081-exec-1] Initializing Servlet 'dispatcherServlet'
2023-05-31 10:38:44,776 INFO org.springframework.web.servlet.FrameworkServlet [http-nio-8081-exec-1] Completed initialization in 2 ms
2023-05-31 10:38:44,872 WARN com.IBTim4.CertificatesApp.auth.JwtRequestFilter [http-nio-8081-exec-1] JWT Token does not exist.
2023-05-31 10:38:45,217 INFO com.IBTim4.CertificatesApp.appUser.controller.AppUserController [http-nio-8081-exec-1] Login started.
2023-05-31 10:39:10,333 WARN com.IBTim4.CertificatesApp.auth.JwtRequestFilter [http-nio-8081-exec-2] JWT Token does not exist.
2023-05-31 10:39:10,338 INFO com.IBTim4.CertificatesApp.appUser.controller.AppUserController [http-nio-8081-exec-2] Login started.
2023-05-31 10:39:10,604 INFO com.IBTim4.CertificatesApp.appUser.controller.AppUserController [http-nio-8081-exec-2] Login successful.
2023-05-31 10:39:10,605 INFO com.IBTim4.CertificatesApp.appUser.controller.AppUserController [http-nio-8081-exec-2] Password rotation is not required.
2023-05-31 10:40:11,381 ERROR com.IBTim4.CertificatesApp.exceptions.ExceptionHandlerAdvice [http-nio-8081-exec-4] CustomExceptionWithMessage occurred with status 404 NOT_FOUND: Certificate with given serial number does not exist.
2023-05-31 10:40:22,172 INFO org.springframework.orm.jpa.AbstractEntityManagerFactoryBean [SpringApplicationShutdownHook] Closing JPA EntityManagerFactory for persistence unit 'default'
2023-05-31 10:40:22,177 INFO com.zaxxer.hikari.HikariDataSource [SpringApplicationShutdownHook] HikariPool-1 - Shutdown initiated...
2023-05-31 10:40:22,200 INFO com.zaxxer.hikari.HikariDataSource [SpringApplicationShutdownHook] HikariPool-1 - Shutdown completed.
