2023-06-16 12:46:25,495 INFO org.hibernate.validator.internal.util.Version [background-preinit] HV000001: Hibernate Validator 6.2.5.Final
2023-06-16 12:46:25,498 INFO org.springframework.boot.StartupInfoLogger [main] Starting CertificatesAppApplication using Java 17.0.5 on MilosStojanovic with PID 9356 (D:\Faks\3. Godina\Informaciona bezbednost\IB-Tim4\backend\target\classes started by MMDE Laptop in D:\Faks\3. Godina\Informaciona bezbednost\IB-Tim4\backend)
2023-06-16 12:46:25,501 DEBUG org.springframework.boot.StartupInfoLogger [main] Running with Spring Boot v2.7.9, Spring v5.3.25
2023-06-16 12:46:25,502 INFO org.springframework.boot.SpringApplication [main] No active profile set, falling back to 1 default profile: "default"
2023-06-16 12:46:27,590 INFO org.springframework.data.repository.config.RepositoryConfigurationDelegate [main] Bootstrapping Spring Data JPA repositories in DEFAULT mode.
2023-06-16 12:46:27,870 INFO org.springframework.data.repository.config.RepositoryConfigurationDelegate [main] Finished Spring Data repository scanning in 235 ms. Found 5 JPA repository interfaces.
2023-06-16 12:46:29,697 INFO org.springframework.boot.web.embedded.tomcat.TomcatWebServer [main] Tomcat initialized with port(s): 8081 (https)
2023-06-16 12:46:29,733 INFO org.apache.juli.logging.DirectJDKLog [main] Initializing ProtocolHandler ["https-jsse-nio-8081"]
2023-06-16 12:46:29,737 INFO org.apache.juli.logging.DirectJDKLog [main] Starting service [Tomcat]
2023-06-16 12:46:29,740 INFO org.apache.juli.logging.DirectJDKLog [main] Starting Servlet engine: [Apache Tomcat/9.0.71]
2023-06-16 12:46:30,247 INFO org.apache.juli.logging.DirectJDKLog [main] Initializing Spring embedded WebApplicationContext
2023-06-16 12:46:30,249 INFO org.springframework.boot.web.servlet.context.ServletWebServerApplicationContext [main] Root WebApplicationContext: initialization completed in 4633 ms
2023-06-16 12:46:30,331 INFO com.zaxxer.hikari.HikariDataSource [main] HikariPool-1 - Starting...
2023-06-16 12:46:30,885 INFO com.zaxxer.hikari.HikariDataSource [main] HikariPool-1 - Start completed.
2023-06-16 12:46:30,953 INFO org.springframework.boot.autoconfigure.h2.H2ConsoleAutoConfiguration [main] H2 console available at '/h2-console'. Database available at 'jdbc:postgresql://localhost:5432/postgres?'
2023-06-16 12:46:31,404 INFO org.hibernate.jpa.internal.util.LogHelper [main] HHH000204: Processing PersistenceUnitInfo [name: default]
2023-06-16 12:46:31,669 INFO org.hibernate.Version [main] HHH000412: Hibernate ORM core version 5.6.15.Final
2023-06-16 12:46:32,195 INFO org.hibernate.annotations.common.reflection.java.JavaReflectionManager [main] HCANN000001: Hibernate Commons Annotations {5.1.2.Final}
2023-06-16 12:46:32,570 INFO org.hibernate.dialect.Dialect [main] HHH000400: Using dialect: org.hibernate.dialect.PostgreSQLDialect
2023-06-16 12:46:34,402 INFO org.hibernate.engine.transaction.jta.platform.internal.JtaPlatformInitiator [main] HHH000490: Using JtaPlatform implementation: [org.hibernate.engine.transaction.jta.platform.internal.NoJtaPlatform]
2023-06-16 12:46:34,418 INFO org.springframework.orm.jpa.AbstractEntityManagerFactoryBean [main] Initialized JPA EntityManagerFactory for persistence unit 'default'
2023-06-16 12:46:35,150 DEBUG org.springframework.web.filter.GenericFilterBean [main] Filter 'jwtRequestFilter' configured for use
2023-06-16 12:46:36,596 WARN org.springframework.boot.autoconfigure.orm.jpa.JpaBaseConfiguration$JpaWebConfiguration [main] spring.jpa.open-in-view is enabled by default. Therefore, database queries may be performed during view rendering. Explicitly configure spring.jpa.open-in-view to disable this warning
2023-06-16 12:46:37,004 INFO org.springframework.security.web.DefaultSecurityFilterChain [main] Will secure any request with [org.springframework.security.web.session.DisableEncodeUrlFilter@750b200b, org.springframework.security.web.context.request.async.WebAsyncManagerIntegrationFilter@55c581e4, org.springframework.security.web.context.SecurityContextPersistenceFilter@3696d12d, org.springframework.security.web.header.HeaderWriterFilter@fa689db, org.springframework.web.filter.CorsFilter@eaa07bb, org.springframework.security.web.authentication.logout.LogoutFilter@65cc3902, org.springframework.security.oauth2.client.web.OAuth2AuthorizationRequestRedirectFilter@453e1bba, org.springframework.security.oauth2.client.web.OAuth2AuthorizationRequestRedirectFilter@9734cae, org.springframework.security.oauth2.client.web.OAuth2LoginAuthenticationFilter@589d831e, com.IBTim4.CertificatesApp.auth.JwtRequestFilter@4b20aa21, org.springframework.security.web.savedrequest.RequestCacheAwareFilter@75df4b1d, org.springframework.security.web.servletapi.SecurityContextHolderAwareRequestFilter@43120a77, org.springframework.security.web.authentication.AnonymousAuthenticationFilter@6eae3730, org.springframework.security.oauth2.client.web.OAuth2AuthorizationCodeGrantFilter@6c96346b, org.springframework.security.web.session.SessionManagementFilter@6b170692, org.springframework.security.web.access.ExceptionTranslationFilter@68feca3a, org.springframework.security.web.access.intercept.FilterSecurityInterceptor@7d4e424e]
2023-06-16 12:46:37,707 INFO org.apache.juli.logging.DirectJDKLog [main] Starting ProtocolHandler ["https-jsse-nio-8081"]
2023-06-16 12:46:38,116 INFO org.springframework.boot.web.embedded.tomcat.TomcatWebServer [main] Tomcat started on port(s): 8081 (https) with context path ''
2023-06-16 12:46:38,149 INFO org.springframework.boot.StartupInfoLogger [main] Started CertificatesAppApplication in 13.58 seconds (JVM running for 15.138)
2023-06-16 12:46:48,052 INFO org.apache.juli.logging.DirectJDKLog [https-jsse-nio-8081-exec-3] Initializing Spring DispatcherServlet 'dispatcherServlet'
2023-06-16 12:46:48,053 INFO org.springframework.web.servlet.FrameworkServlet [https-jsse-nio-8081-exec-3] Initializing Servlet 'dispatcherServlet'
2023-06-16 12:46:48,055 INFO org.springframework.web.servlet.FrameworkServlet [https-jsse-nio-8081-exec-3] Completed initialization in 2 ms
2023-06-16 12:46:48,108 INFO com.IBTim4.CertificatesApp.auth.JwtRequestFilter [https-jsse-nio-8081-exec-3] Getting GET request on: https://localhost:8081/api/user/google/oauth
2023-06-16 12:46:48,109 INFO com.IBTim4.CertificatesApp.auth.JwtRequestFilter [https-jsse-nio-8081-exec-3] Authorization header: null
2023-06-16 12:46:48,110 WARN com.IBTim4.CertificatesApp.auth.JwtRequestFilter [https-jsse-nio-8081-exec-3] JWT Token does not exist.
2023-06-16 12:46:48,405 WARN org.apache.juli.logging.DirectJDKLog [https-jsse-nio-8081-exec-1] Creation of SecureRandom instance for session ID generation using [SHA1PRNG] took [116] milliseconds.
2023-06-16 12:46:54,348 INFO com.IBTim4.CertificatesApp.auth.OauthHandler [https-jsse-nio-8081-exec-5] Started OAuth login process
2023-06-16 12:46:54,932 INFO com.IBTim4.CertificatesApp.auth.OauthHandler [https-jsse-nio-8081-exec-5] Successfully generated a jwt token with OAuth credentials
2023-06-16 12:46:56,576 INFO com.IBTim4.CertificatesApp.auth.JwtRequestFilter [https-jsse-nio-8081-exec-3] Getting POST request on: https://localhost:8081/api/user/google/login
2023-06-16 12:46:56,577 INFO com.IBTim4.CertificatesApp.auth.JwtRequestFilter [https-jsse-nio-8081-exec-3] Authorization header: null
2023-06-16 12:46:56,578 WARN com.IBTim4.CertificatesApp.auth.JwtRequestFilter [https-jsse-nio-8081-exec-3] JWT Token does not exist.
2023-06-16 12:48:32,065 INFO org.springframework.orm.jpa.AbstractEntityManagerFactoryBean [SpringApplicationShutdownHook] Closing JPA EntityManagerFactory for persistence unit 'default'
2023-06-16 12:48:32,069 INFO com.zaxxer.hikari.HikariDataSource [SpringApplicationShutdownHook] HikariPool-1 - Shutdown initiated...
2023-06-16 12:48:32,088 INFO com.zaxxer.hikari.HikariDataSource [SpringApplicationShutdownHook] HikariPool-1 - Shutdown completed.
