2023-06-16 12:32:06,432 INFO org.hibernate.validator.internal.util.Version [background-preinit] HV000001: Hibernate Validator 6.2.5.Final
2023-06-16 12:32:06,438 INFO org.springframework.boot.StartupInfoLogger [main] Starting CertificatesAppApplication using Java 17.0.5 on MilosStojanovic with PID 12620 (D:\Faks\3. Godina\Informaciona bezbednost\IB-Tim4\backend\target\classes started by MMDE Laptop in D:\Faks\3. Godina\Informaciona bezbednost\IB-Tim4\backend)
2023-06-16 12:32:06,627 DEBUG org.springframework.boot.StartupInfoLogger [main] Running with Spring Boot v2.7.9, Spring v5.3.25
2023-06-16 12:32:06,629 INFO org.springframework.boot.SpringApplication [main] No active profile set, falling back to 1 default profile: "default"
2023-06-16 12:32:09,149 INFO org.springframework.data.repository.config.RepositoryConfigurationDelegate [main] Bootstrapping Spring Data JPA repositories in DEFAULT mode.
2023-06-16 12:32:09,314 INFO org.springframework.data.repository.config.RepositoryConfigurationDelegate [main] Finished Spring Data repository scanning in 146 ms. Found 5 JPA repository interfaces.
2023-06-16 12:32:11,098 INFO org.springframework.boot.web.embedded.tomcat.TomcatWebServer [main] Tomcat initialized with port(s): 8081 (https)
2023-06-16 12:32:11,703 INFO org.springframework.boot.web.servlet.context.ServletWebServerApplicationContext [main] Root WebApplicationContext: initialization completed in 4756 ms
2023-06-16 12:32:11,787 INFO com.zaxxer.hikari.HikariDataSource [main] HikariPool-1 - Starting...
2023-06-16 12:32:12,337 INFO com.zaxxer.hikari.HikariDataSource [main] HikariPool-1 - Start completed.
2023-06-16 12:32:12,367 INFO org.springframework.boot.autoconfigure.h2.H2ConsoleAutoConfiguration [main] H2 console available at '/h2-console'. Database available at 'jdbc:postgresql://localhost:5432/postgres?'
2023-06-16 12:32:12,791 INFO org.hibernate.jpa.internal.util.LogHelper [main] HHH000204: Processing PersistenceUnitInfo [name: default]
2023-06-16 12:32:12,972 INFO org.hibernate.Version [main] HHH000412: Hibernate ORM core version 5.6.15.Final
2023-06-16 12:32:13,566 INFO org.hibernate.annotations.common.reflection.java.JavaReflectionManager [main] HCANN000001: Hibernate Commons Annotations {5.1.2.Final}
2023-06-16 12:32:13,923 INFO org.hibernate.dialect.Dialect [main] HHH000400: Using dialect: org.hibernate.dialect.PostgreSQLDialect
2023-06-16 12:32:15,632 INFO org.hibernate.engine.transaction.jta.platform.internal.JtaPlatformInitiator [main] HHH000490: Using JtaPlatform implementation: [org.hibernate.engine.transaction.jta.platform.internal.NoJtaPlatform]
2023-06-16 12:32:15,647 INFO org.springframework.orm.jpa.AbstractEntityManagerFactoryBean [main] Initialized JPA EntityManagerFactory for persistence unit 'default'
2023-06-16 12:32:16,348 DEBUG org.springframework.web.filter.GenericFilterBean [main] Filter 'jwtRequestFilter' configured for use
2023-06-16 12:32:17,638 WARN org.springframework.boot.autoconfigure.orm.jpa.JpaBaseConfiguration$JpaWebConfiguration [main] spring.jpa.open-in-view is enabled by default. Therefore, database queries may be performed during view rendering. Explicitly configure spring.jpa.open-in-view to disable this warning
2023-06-16 12:32:18,029 INFO org.springframework.security.web.DefaultSecurityFilterChain [main] Will secure any request with [org.springframework.security.web.session.DisableEncodeUrlFilter@eaa07bb, org.springframework.security.web.context.request.async.WebAsyncManagerIntegrationFilter@6eae3730, org.springframework.security.web.context.SecurityContextPersistenceFilter@a08e41b, org.springframework.security.web.header.HeaderWriterFilter@34ab398b, org.springframework.web.filter.CorsFilter@42095996, org.springframework.security.web.authentication.logout.LogoutFilter@8ab231, org.springframework.security.oauth2.client.web.OAuth2AuthorizationRequestRedirectFilter@7e017f47, org.springframework.security.oauth2.client.web.OAuth2AuthorizationRequestRedirectFilter@3c2f310c, org.springframework.security.oauth2.client.web.OAuth2LoginAuthenticationFilter@74f92d14, com.IBTim4.CertificatesApp.auth.JwtRequestFilter@3fe5ad73, org.springframework.security.web.savedrequest.RequestCacheAwareFilter@4ebb7bab, org.springframework.security.web.servletapi.SecurityContextHolderAwareRequestFilter@33845e3d, org.springframework.security.web.authentication.AnonymousAuthenticationFilter@3b3a3a92, org.springframework.security.oauth2.client.web.OAuth2AuthorizationCodeGrantFilter@68cb8e52, org.springframework.security.web.session.SessionManagementFilter@65cc3902, org.springframework.security.web.access.ExceptionTranslationFilter@68af8288, org.springframework.security.web.access.intercept.FilterSecurityInterceptor@3a00237d]
2023-06-16 12:32:19,080 INFO org.springframework.boot.web.embedded.tomcat.TomcatWebServer [main] Tomcat started on port(s): 8081 (https) with context path ''
2023-06-16 12:32:19,131 INFO org.springframework.boot.StartupInfoLogger [main] Started CertificatesAppApplication in 14.179 seconds (JVM running for 16.161)
2023-06-16 12:32:19,179 INFO org.springframework.orm.jpa.AbstractEntityManagerFactoryBean [SpringApplicationShutdownHook] Closing JPA EntityManagerFactory for persistence unit 'default'
2023-06-16 12:32:19,183 INFO com.zaxxer.hikari.HikariDataSource [SpringApplicationShutdownHook] HikariPool-1 - Shutdown initiated...
2023-06-16 12:32:19,210 INFO com.zaxxer.hikari.HikariDataSource [SpringApplicationShutdownHook] HikariPool-1 - Shutdown completed.
