2023-06-16 16:13:00,014 INFO org.hibernate.validator.internal.util.Version [background-preinit] HV000001: Hibernate Validator 6.2.5.Final
2023-06-16 16:13:00,048 INFO org.springframework.boot.StartupInfoLogger [main] Starting CertificatesAppApplication using Java 17.0.5 on MilosStojanovic with PID 11980 (D:\Faks\3. Godina\Informaciona bezbednost\IB-Tim4\backend\target\classes started by MMDE Laptop in D:\Faks\3. Godina\Informaciona bezbednost\IB-Tim4\backend)
2023-06-16 16:13:00,050 DEBUG org.springframework.boot.StartupInfoLogger [main] Running with Spring Boot v2.7.9, Spring v5.3.25
2023-06-16 16:13:00,052 INFO org.springframework.boot.SpringApplication [main] No active profile set, falling back to 1 default profile: "default"
2023-06-16 16:13:02,680 INFO org.springframework.data.repository.config.RepositoryConfigurationDelegate [main] Bootstrapping Spring Data JPA repositories in DEFAULT mode.
2023-06-16 16:13:02,831 INFO org.springframework.data.repository.config.RepositoryConfigurationDelegate [main] Finished Spring Data repository scanning in 131 ms. Found 5 JPA repository interfaces.
2023-06-16 16:13:04,385 INFO org.springframework.boot.web.embedded.tomcat.TomcatWebServer [main] Tomcat initialized with port(s): 8081 (https)
2023-06-16 16:13:04,413 INFO org.apache.juli.logging.DirectJDKLog [main] Initializing ProtocolHandler ["https-jsse-nio-8081"]
2023-06-16 16:13:04,415 INFO org.apache.juli.logging.DirectJDKLog [main] Starting service [Tomcat]
2023-06-16 16:13:04,416 INFO org.apache.juli.logging.DirectJDKLog [main] Starting Servlet engine: [Apache Tomcat/9.0.71]
2023-06-16 16:13:04,878 INFO org.apache.juli.logging.DirectJDKLog [main] Initializing Spring embedded WebApplicationContext
2023-06-16 16:13:04,879 INFO org.springframework.boot.web.servlet.context.ServletWebServerApplicationContext [main] Root WebApplicationContext: initialization completed in 4703 ms
2023-06-16 16:13:04,953 INFO com.zaxxer.hikari.HikariDataSource [main] HikariPool-1 - Starting...
2023-06-16 16:13:05,426 INFO com.zaxxer.hikari.HikariDataSource [main] HikariPool-1 - Start completed.
2023-06-16 16:13:05,451 INFO org.springframework.boot.autoconfigure.h2.H2ConsoleAutoConfiguration [main] H2 console available at '/h2-console'. Database available at 'jdbc:postgresql://localhost:5432/postgres?'
2023-06-16 16:13:05,871 INFO org.hibernate.jpa.internal.util.LogHelper [main] HHH000204: Processing PersistenceUnitInfo [name: default]
2023-06-16 16:13:06,110 INFO org.hibernate.Version [main] HHH000412: Hibernate ORM core version 5.6.15.Final
2023-06-16 16:13:06,656 INFO org.hibernate.annotations.common.reflection.java.JavaReflectionManager [main] HCANN000001: Hibernate Commons Annotations {5.1.2.Final}
2023-06-16 16:13:07,051 INFO org.hibernate.dialect.Dialect [main] HHH000400: Using dialect: org.hibernate.dialect.PostgreSQLDialect
2023-06-16 16:13:08,764 INFO org.hibernate.engine.transaction.jta.platform.internal.JtaPlatformInitiator [main] HHH000490: Using JtaPlatform implementation: [org.hibernate.engine.transaction.jta.platform.internal.NoJtaPlatform]
2023-06-16 16:13:08,779 INFO org.springframework.orm.jpa.AbstractEntityManagerFactoryBean [main] Initialized JPA EntityManagerFactory for persistence unit 'default'
2023-06-16 16:13:09,522 DEBUG org.springframework.web.filter.GenericFilterBean [main] Filter 'jwtRequestFilter' configured for use
2023-06-16 16:13:11,012 WARN org.springframework.boot.autoconfigure.orm.jpa.JpaBaseConfiguration$JpaWebConfiguration [main] spring.jpa.open-in-view is enabled by default. Therefore, database queries may be performed during view rendering. Explicitly configure spring.jpa.open-in-view to disable this warning
2023-06-16 16:13:11,435 INFO org.springframework.security.web.DefaultSecurityFilterChain [main] Will secure any request with [org.springframework.security.web.session.DisableEncodeUrlFilter@64c37088, org.springframework.security.web.context.request.async.WebAsyncManagerIntegrationFilter@524c3e54, org.springframework.security.web.context.SecurityContextPersistenceFilter@6a7ab205, org.springframework.security.web.header.HeaderWriterFilter@514f2020, org.springframework.web.filter.CorsFilter@1d7d968c, org.springframework.security.web.authentication.logout.LogoutFilter@46eb2260, org.springframework.security.oauth2.client.web.OAuth2AuthorizationRequestRedirectFilter@24749ad3, org.springframework.security.oauth2.client.web.OAuth2AuthorizationRequestRedirectFilter@2a5ed225, org.springframework.security.oauth2.client.web.OAuth2LoginAuthenticationFilter@2a525f88, com.IBTim4.CertificatesApp.auth.JwtRequestFilter@1dd9a3ae, org.springframework.security.web.savedrequest.RequestCacheAwareFilter@3a00237d, org.springframework.security.web.servletapi.SecurityContextHolderAwareRequestFilter@bc88295, org.springframework.security.web.authentication.AnonymousAuthenticationFilter@10df1f34, org.springframework.security.oauth2.client.web.OAuth2AuthorizationCodeGrantFilter@10466c55, org.springframework.security.web.session.SessionManagementFilter@2d2afc39, org.springframework.security.web.access.ExceptionTranslationFilter@52ba21e4, org.springframework.security.web.access.intercept.FilterSecurityInterceptor@6cb417fc]
2023-06-16 16:13:11,963 INFO org.apache.juli.logging.DirectJDKLog [main] Starting ProtocolHandler ["https-jsse-nio-8081"]
2023-06-16 16:13:12,303 INFO org.springframework.boot.web.embedded.tomcat.TomcatWebServer [main] Tomcat started on port(s): 8081 (https) with context path ''
2023-06-16 16:13:12,327 INFO org.springframework.boot.StartupInfoLogger [main] Started CertificatesAppApplication in 13.451 seconds (JVM running for 15.306)
2023-06-16 16:14:00,367 INFO org.apache.juli.logging.DirectJDKLog [https-jsse-nio-8081-exec-10] Initializing Spring DispatcherServlet 'dispatcherServlet'
2023-06-16 16:14:00,368 INFO org.springframework.web.servlet.FrameworkServlet [https-jsse-nio-8081-exec-10] Initializing Servlet 'dispatcherServlet'
2023-06-16 16:14:00,370 INFO org.springframework.web.servlet.FrameworkServlet [https-jsse-nio-8081-exec-10] Completed initialization in 2 ms
2023-06-16 16:14:00,436 INFO com.IBTim4.CertificatesApp.auth.JwtRequestFilter [https-jsse-nio-8081-exec-10] Getting GET request on: https://localhost:8081/api/captcha/validate/
2023-06-16 16:14:00,437 INFO com.IBTim4.CertificatesApp.auth.JwtRequestFilter [https-jsse-nio-8081-exec-10] Authorization header: null
2023-06-16 16:14:00,438 WARN com.IBTim4.CertificatesApp.auth.JwtRequestFilter [https-jsse-nio-8081-exec-10] JWT Token does not exist.
2023-06-16 16:14:01,009 ERROR com.IBTim4.CertificatesApp.exceptions.ExceptionHandlerAdvice [https-jsse-nio-8081-exec-10] CustomExceptionWithMessage occurred with status 400 BAD_REQUEST: reCaptcha was not successfully validated
2023-06-16 16:14:17,653 INFO com.IBTim4.CertificatesApp.auth.JwtRequestFilter [https-jsse-nio-8081-exec-9] Getting GET request on: https://localhost:8081/api/captcha/validate/
2023-06-16 16:14:17,654 INFO com.IBTim4.CertificatesApp.auth.JwtRequestFilter [https-jsse-nio-8081-exec-9] Authorization header: null
2023-06-16 16:14:17,655 WARN com.IBTim4.CertificatesApp.auth.JwtRequestFilter [https-jsse-nio-8081-exec-9] JWT Token does not exist.
2023-06-16 16:14:17,786 ERROR com.IBTim4.CertificatesApp.exceptions.ExceptionHandlerAdvice [https-jsse-nio-8081-exec-9] CustomExceptionWithMessage occurred with status 400 BAD_REQUEST: reCaptcha was not successfully validated
2023-06-16 16:18:05,438 INFO org.springframework.orm.jpa.AbstractEntityManagerFactoryBean [SpringApplicationShutdownHook] Closing JPA EntityManagerFactory for persistence unit 'default'
2023-06-16 16:18:05,443 INFO com.zaxxer.hikari.HikariDataSource [SpringApplicationShutdownHook] HikariPool-1 - Shutdown initiated...
2023-06-16 16:18:05,463 INFO com.zaxxer.hikari.HikariDataSource [SpringApplicationShutdownHook] HikariPool-1 - Shutdown completed.
