2023-06-16 14:05:12,609 INFO org.hibernate.validator.internal.util.Version [background-preinit] HV000001: Hibernate Validator 6.2.5.Final
2023-06-16 14:05:12,645 INFO org.springframework.boot.StartupInfoLogger [main] Starting CertificatesAppApplication using Java 17.0.5 on MilosStojanovic with PID 9068 (D:\Faks\3. Godina\Informaciona bezbednost\IB-Tim4\backend\target\classes started by MMDE Laptop in D:\Faks\3. Godina\Informaciona bezbednost\IB-Tim4\backend)
2023-06-16 14:05:12,647 DEBUG org.springframework.boot.StartupInfoLogger [main] Running with Spring Boot v2.7.9, Spring v5.3.25
2023-06-16 14:05:12,649 INFO org.springframework.boot.SpringApplication [main] No active profile set, falling back to 1 default profile: "default"
2023-06-16 14:05:15,459 INFO org.springframework.data.repository.config.RepositoryConfigurationDelegate [main] Bootstrapping Spring Data JPA repositories in DEFAULT mode.
2023-06-16 14:05:15,644 INFO org.springframework.data.repository.config.RepositoryConfigurationDelegate [main] Finished Spring Data repository scanning in 163 ms. Found 5 JPA repository interfaces.
2023-06-16 14:05:17,332 INFO org.springframework.boot.web.embedded.tomcat.TomcatWebServer [main] Tomcat initialized with port(s): 8081 (https)
2023-06-16 14:05:17,831 INFO org.springframework.boot.web.servlet.context.ServletWebServerApplicationContext [main] Root WebApplicationContext: initialization completed in 4933 ms
2023-06-16 14:05:17,922 INFO com.zaxxer.hikari.HikariDataSource [main] HikariPool-1 - Starting...
2023-06-16 14:05:18,302 INFO com.zaxxer.hikari.HikariDataSource [main] HikariPool-1 - Start completed.
2023-06-16 14:05:18,340 INFO org.springframework.boot.autoconfigure.h2.H2ConsoleAutoConfiguration [main] H2 console available at '/h2-console'. Database available at 'jdbc:postgresql://localhost:5432/postgres?'
2023-06-16 14:05:18,720 INFO org.hibernate.jpa.internal.util.LogHelper [main] HHH000204: Processing PersistenceUnitInfo [name: default]
2023-06-16 14:05:18,861 INFO org.hibernate.Version [main] HHH000412: Hibernate ORM core version 5.6.15.Final
2023-06-16 14:05:19,336 INFO org.hibernate.annotations.common.reflection.java.JavaReflectionManager [main] HCANN000001: Hibernate Commons Annotations {5.1.2.Final}
2023-06-16 14:05:19,725 INFO org.hibernate.dialect.Dialect [main] HHH000400: Using dialect: org.hibernate.dialect.PostgreSQLDialect
2023-06-16 14:05:22,109 INFO org.hibernate.engine.transaction.jta.platform.internal.JtaPlatformInitiator [main] HHH000490: Using JtaPlatform implementation: [org.hibernate.engine.transaction.jta.platform.internal.NoJtaPlatform]
2023-06-16 14:05:22,123 INFO org.springframework.orm.jpa.AbstractEntityManagerFactoryBean [main] Initialized JPA EntityManagerFactory for persistence unit 'default'
2023-06-16 14:05:22,859 DEBUG org.springframework.web.filter.GenericFilterBean [main] Filter 'jwtRequestFilter' configured for use
2023-06-16 14:05:24,082 WARN org.springframework.boot.autoconfigure.orm.jpa.JpaBaseConfiguration$JpaWebConfiguration [main] spring.jpa.open-in-view is enabled by default. Therefore, database queries may be performed during view rendering. Explicitly configure spring.jpa.open-in-view to disable this warning
2023-06-16 14:05:24,543 INFO org.springframework.security.web.DefaultSecurityFilterChain [main] Will secure any request with [org.springframework.security.web.session.DisableEncodeUrlFilter@3f22ce2a, org.springframework.security.web.context.request.async.WebAsyncManagerIntegrationFilter@64cec4d0, org.springframework.security.web.context.SecurityContextPersistenceFilter@703eead0, org.springframework.security.web.header.HeaderWriterFilter@78324e97, org.springframework.web.filter.CorsFilter@6e069ca9, org.springframework.security.web.authentication.logout.LogoutFilter@6130a6f5, org.springframework.security.oauth2.client.web.OAuth2AuthorizationRequestRedirectFilter@558ed473, org.springframework.security.oauth2.client.web.OAuth2AuthorizationRequestRedirectFilter@26c2f767, org.springframework.security.oauth2.client.web.OAuth2LoginAuthenticationFilter@6a7ab205, com.IBTim4.CertificatesApp.auth.JwtRequestFilter@7acfcfc4, org.springframework.security.web.savedrequest.RequestCacheAwareFilter@7f53b345, org.springframework.security.web.servletapi.SecurityContextHolderAwareRequestFilter@76ee7301, org.springframework.security.web.authentication.AnonymousAuthenticationFilter@45e9db77, org.springframework.security.oauth2.client.web.OAuth2AuthorizationCodeGrantFilter@e2498a3, org.springframework.security.web.session.SessionManagementFilter@29b0c169, org.springframework.security.web.access.ExceptionTranslationFilter@236f3885, org.springframework.security.web.access.intercept.FilterSecurityInterceptor@56351c02]
2023-06-16 14:05:25,467 WARN org.springframework.context.support.AbstractApplicationContext [main] Exception encountered during context initialization - cancelling refresh attempt: org.springframework.context.ApplicationContextException: Failed to start bean 'webServerStartStop'; nested exception is org.springframework.boot.web.server.WebServerException: Unable to start embedded Tomcat server
2023-06-16 14:05:25,482 INFO org.springframework.orm.jpa.AbstractEntityManagerFactoryBean [main] Closing JPA EntityManagerFactory for persistence unit 'default'
2023-06-16 14:05:25,492 INFO com.zaxxer.hikari.HikariDataSource [main] HikariPool-1 - Shutdown initiated...
2023-06-16 14:05:25,511 INFO com.zaxxer.hikari.HikariDataSource [main] HikariPool-1 - Shutdown completed.
