2023-06-16 15:56:41,243 INFO org.hibernate.validator.internal.util.Version [background-preinit] HV000001: Hibernate Validator 6.2.5.Final
2023-06-16 15:56:41,253 INFO org.springframework.boot.StartupInfoLogger [main] Starting CertificatesAppApplication using Java 17.0.5 on MilosStojanovic with PID 9832 (D:\Faks\3. Godina\Informaciona bezbednost\IB-Tim4\backend\target\classes started by MMDE Laptop in D:\Faks\3. Godina\Informaciona bezbednost\IB-Tim4\backend)
2023-06-16 15:56:41,257 DEBUG org.springframework.boot.StartupInfoLogger [main] Running with Spring Boot v2.7.9, Spring v5.3.25
2023-06-16 15:56:41,259 INFO org.springframework.boot.SpringApplication [main] No active profile set, falling back to 1 default profile: "default"
2023-06-16 15:56:45,794 INFO org.springframework.data.repository.config.RepositoryConfigurationDelegate [main] Bootstrapping Spring Data JPA repositories in DEFAULT mode.
2023-06-16 15:56:45,984 INFO org.springframework.data.repository.config.RepositoryConfigurationDelegate [main] Finished Spring Data repository scanning in 169 ms. Found 5 JPA repository interfaces.
2023-06-16 15:56:48,105 INFO org.springframework.boot.web.embedded.tomcat.TomcatWebServer [main] Tomcat initialized with port(s): 8081 (https)
2023-06-16 15:56:48,134 INFO org.apache.juli.logging.DirectJDKLog [main] Initializing ProtocolHandler ["https-jsse-nio-8081"]
2023-06-16 15:56:48,137 INFO org.apache.juli.logging.DirectJDKLog [main] Starting service [Tomcat]
2023-06-16 15:56:48,139 INFO org.apache.juli.logging.DirectJDKLog [main] Starting Servlet engine: [Apache Tomcat/9.0.71]
2023-06-16 15:56:48,734 INFO org.apache.juli.logging.DirectJDKLog [main] Initializing Spring embedded WebApplicationContext
2023-06-16 15:56:48,736 INFO org.springframework.boot.web.servlet.context.ServletWebServerApplicationContext [main] Root WebApplicationContext: initialization completed in 7363 ms
2023-06-16 15:56:48,820 INFO com.zaxxer.hikari.HikariDataSource [main] HikariPool-1 - Starting...
2023-06-16 15:56:55,050 INFO com.zaxxer.hikari.HikariDataSource [main] HikariPool-1 - Start completed.
2023-06-16 15:56:55,072 INFO org.springframework.boot.autoconfigure.h2.H2ConsoleAutoConfiguration [main] H2 console available at '/h2-console'. Database available at 'jdbc:postgresql://localhost:5432/postgres?'
2023-06-16 15:56:55,457 INFO org.hibernate.jpa.internal.util.LogHelper [main] HHH000204: Processing PersistenceUnitInfo [name: default]
2023-06-16 15:56:55,603 INFO org.hibernate.Version [main] HHH000412: Hibernate ORM core version 5.6.15.Final
2023-06-16 15:56:56,204 INFO org.hibernate.annotations.common.reflection.java.JavaReflectionManager [main] HCANN000001: Hibernate Commons Annotations {5.1.2.Final}
2023-06-16 15:56:56,684 INFO org.hibernate.dialect.Dialect [main] HHH000400: Using dialect: org.hibernate.dialect.PostgreSQLDialect
2023-06-16 15:57:04,300 INFO org.hibernate.engine.transaction.jta.platform.internal.JtaPlatformInitiator [main] HHH000490: Using JtaPlatform implementation: [org.hibernate.engine.transaction.jta.platform.internal.NoJtaPlatform]
2023-06-16 15:57:04,325 INFO org.springframework.orm.jpa.AbstractEntityManagerFactoryBean [main] Initialized JPA EntityManagerFactory for persistence unit 'default'
2023-06-16 15:57:05,046 DEBUG org.springframework.web.filter.GenericFilterBean [main] Filter 'jwtRequestFilter' configured for use
2023-06-16 15:57:06,430 WARN org.springframework.boot.autoconfigure.orm.jpa.JpaBaseConfiguration$JpaWebConfiguration [main] spring.jpa.open-in-view is enabled by default. Therefore, database queries may be performed during view rendering. Explicitly configure spring.jpa.open-in-view to disable this warning
2023-06-16 15:57:07,116 INFO org.springframework.security.web.DefaultSecurityFilterChain [main] Will secure any request with [org.springframework.security.web.session.DisableEncodeUrlFilter@12051d38, org.springframework.security.web.context.request.async.WebAsyncManagerIntegrationFilter@28f3a218, org.springframework.security.web.context.SecurityContextPersistenceFilter@370a935f, org.springframework.security.web.header.HeaderWriterFilter@5fa9971f, org.springframework.web.filter.CorsFilter@67730dab, org.springframework.security.web.authentication.logout.LogoutFilter@4f1f2f84, org.springframework.security.oauth2.client.web.OAuth2AuthorizationRequestRedirectFilter@79aba813, org.springframework.security.oauth2.client.web.OAuth2AuthorizationRequestRedirectFilter@17ebbf1e, org.springframework.security.oauth2.client.web.OAuth2LoginAuthenticationFilter@5c65fa69, com.IBTim4.CertificatesApp.auth.JwtRequestFilter@2114eb1a, org.springframework.security.web.savedrequest.RequestCacheAwareFilter@6166aac5, org.springframework.security.web.servletapi.SecurityContextHolderAwareRequestFilter@7e36d508, org.springframework.security.web.authentication.AnonymousAuthenticationFilter@466cca41, org.springframework.security.oauth2.client.web.OAuth2AuthorizationCodeGrantFilter@3b80bb63, org.springframework.security.web.session.SessionManagementFilter@684430c1, org.springframework.security.web.access.ExceptionTranslationFilter@64df8422, org.springframework.security.web.access.intercept.FilterSecurityInterceptor@1cf4d454]
2023-06-16 15:57:07,803 INFO org.apache.juli.logging.DirectJDKLog [main] Starting ProtocolHandler ["https-jsse-nio-8081"]
2023-06-16 15:57:08,194 INFO org.springframework.boot.web.embedded.tomcat.TomcatWebServer [main] Tomcat started on port(s): 8081 (https) with context path ''
2023-06-16 15:57:08,222 INFO org.springframework.boot.StartupInfoLogger [main] Started CertificatesAppApplication in 28.631 seconds (JVM running for 31.542)
