2023-06-16 16:23:08,882 INFO org.hibernate.validator.internal.util.Version [background-preinit] HV000001: Hibernate Validator 6.2.5.Final
2023-06-16 16:23:08,933 INFO org.springframework.boot.StartupInfoLogger [main] Starting CertificatesAppApplication using Java 17.0.5 on MilosStojanovic with PID 5640 (D:\Faks\3. Godina\Informaciona bezbednost\IB-Tim4\backend\target\classes started by MMDE Laptop in D:\Faks\3. Godina\Informaciona bezbednost\IB-Tim4\backend)
2023-06-16 16:23:08,934 DEBUG org.springframework.boot.StartupInfoLogger [main] Running with Spring Boot v2.7.9, Spring v5.3.25
2023-06-16 16:23:08,936 INFO org.springframework.boot.SpringApplication [main] No active profile set, falling back to 1 default profile: "default"
2023-06-16 16:23:11,404 INFO org.springframework.data.repository.config.RepositoryConfigurationDelegate [main] Bootstrapping Spring Data JPA repositories in DEFAULT mode.
2023-06-16 16:23:11,587 INFO org.springframework.data.repository.config.RepositoryConfigurationDelegate [main] Finished Spring Data repository scanning in 161 ms. Found 5 JPA repository interfaces.
2023-06-16 16:23:13,600 INFO org.springframework.boot.web.embedded.tomcat.TomcatWebServer [main] Tomcat initialized with port(s): 8081 (https)
2023-06-16 16:23:13,624 INFO org.apache.juli.logging.DirectJDKLog [main] Initializing ProtocolHandler ["https-jsse-nio-8081"]
2023-06-16 16:23:13,626 INFO org.apache.juli.logging.DirectJDKLog [main] Starting service [Tomcat]
2023-06-16 16:23:13,627 INFO org.apache.juli.logging.DirectJDKLog [main] Starting Servlet engine: [Apache Tomcat/9.0.71]
2023-06-16 16:23:14,233 INFO org.apache.juli.logging.DirectJDKLog [main] Initializing Spring embedded WebApplicationContext
2023-06-16 16:23:14,236 INFO org.springframework.boot.web.servlet.context.ServletWebServerApplicationContext [main] Root WebApplicationContext: initialization completed in 5153 ms
2023-06-16 16:23:14,417 INFO com.zaxxer.hikari.HikariDataSource [main] HikariPool-1 - Starting...
2023-06-16 16:23:15,139 INFO com.zaxxer.hikari.HikariDataSource [main] HikariPool-1 - Start completed.
2023-06-16 16:23:15,177 INFO org.springframework.boot.autoconfigure.h2.H2ConsoleAutoConfiguration [main] H2 console available at '/h2-console'. Database available at 'jdbc:postgresql://localhost:5432/postgres?'
2023-06-16 16:23:15,630 INFO org.hibernate.jpa.internal.util.LogHelper [main] HHH000204: Processing PersistenceUnitInfo [name: default]
2023-06-16 16:23:15,776 INFO org.hibernate.Version [main] HHH000412: Hibernate ORM core version 5.6.15.Final
2023-06-16 16:23:16,376 INFO org.hibernate.annotations.common.reflection.java.JavaReflectionManager [main] HCANN000001: Hibernate Commons Annotations {5.1.2.Final}
2023-06-16 16:23:16,849 INFO org.hibernate.dialect.Dialect [main] HHH000400: Using dialect: org.hibernate.dialect.PostgreSQLDialect
2023-06-16 16:23:18,836 INFO org.hibernate.engine.transaction.jta.platform.internal.JtaPlatformInitiator [main] HHH000490: Using JtaPlatform implementation: [org.hibernate.engine.transaction.jta.platform.internal.NoJtaPlatform]
2023-06-16 16:23:18,859 INFO org.springframework.orm.jpa.AbstractEntityManagerFactoryBean [main] Initialized JPA EntityManagerFactory for persistence unit 'default'
2023-06-16 16:23:19,763 DEBUG org.springframework.web.filter.GenericFilterBean [main] Filter 'jwtRequestFilter' configured for use
2023-06-16 16:23:21,505 WARN org.springframework.boot.autoconfigure.orm.jpa.JpaBaseConfiguration$JpaWebConfiguration [main] spring.jpa.open-in-view is enabled by default. Therefore, database queries may be performed during view rendering. Explicitly configure spring.jpa.open-in-view to disable this warning
2023-06-16 16:23:22,015 INFO org.springframework.security.web.DefaultSecurityFilterChain [main] Will secure any request with [org.springframework.security.web.session.DisableEncodeUrlFilter@6aaf1ce8, org.springframework.security.web.context.request.async.WebAsyncManagerIntegrationFilter@6f26e775, org.springframework.security.web.context.SecurityContextPersistenceFilter@589d831e, org.springframework.security.web.header.HeaderWriterFilter@aade5a2, org.springframework.web.filter.CorsFilter@3220833f, org.springframework.security.web.authentication.logout.LogoutFilter@31e84f10, org.springframework.security.oauth2.client.web.OAuth2AuthorizationRequestRedirectFilter@1f02b6d1, org.springframework.security.oauth2.client.web.OAuth2AuthorizationRequestRedirectFilter@951e911, org.springframework.security.oauth2.client.web.OAuth2LoginAuthenticationFilter@3cb376a3, com.IBTim4.CertificatesApp.auth.JwtRequestFilter@45e35a0d, org.springframework.security.web.savedrequest.RequestCacheAwareFilter@5c552f08, org.springframework.security.web.servletapi.SecurityContextHolderAwareRequestFilter@4fd00e10, org.springframework.security.web.authentication.AnonymousAuthenticationFilter@2e5c245d, org.springframework.security.oauth2.client.web.OAuth2AuthorizationCodeGrantFilter@475eb4fd, org.springframework.security.web.session.SessionManagementFilter@59c00722, org.springframework.security.web.access.ExceptionTranslationFilter@7e9ed4df, org.springframework.security.web.access.intercept.FilterSecurityInterceptor@786cc1df]
2023-06-16 16:23:22,779 INFO org.apache.juli.logging.DirectJDKLog [main] Starting ProtocolHandler ["https-jsse-nio-8081"]
2023-06-16 16:23:23,124 INFO org.springframework.boot.web.embedded.tomcat.TomcatWebServer [main] Tomcat started on port(s): 8081 (https) with context path ''
2023-06-16 16:23:23,149 INFO org.springframework.boot.StartupInfoLogger [main] Started CertificatesAppApplication in 15.852 seconds (JVM running for 18.438)
2023-06-16 16:23:36,923 INFO org.apache.juli.logging.DirectJDKLog [https-jsse-nio-8081-exec-10] Initializing Spring DispatcherServlet 'dispatcherServlet'
2023-06-16 16:23:36,924 INFO org.springframework.web.servlet.FrameworkServlet [https-jsse-nio-8081-exec-10] Initializing Servlet 'dispatcherServlet'
2023-06-16 16:23:36,926 INFO org.springframework.web.servlet.FrameworkServlet [https-jsse-nio-8081-exec-10] Completed initialization in 2 ms
2023-06-16 16:23:37,007 INFO com.IBTim4.CertificatesApp.auth.JwtRequestFilter [https-jsse-nio-8081-exec-10] Getting GET request on: https://localhost:8081/api/captcha/validate/
2023-06-16 16:23:37,008 INFO com.IBTim4.CertificatesApp.auth.JwtRequestFilter [https-jsse-nio-8081-exec-10] Authorization header: null
2023-06-16 16:23:37,010 WARN com.IBTim4.CertificatesApp.auth.JwtRequestFilter [https-jsse-nio-8081-exec-10] JWT Token does not exist.
2023-06-16 16:23:37,725 ERROR com.IBTim4.CertificatesApp.exceptions.ExceptionHandlerAdvice [https-jsse-nio-8081-exec-10] CustomExceptionWithMessage occurred with status 400 BAD_REQUEST: reCaptcha was not successfully validated
2023-06-16 16:23:42,450 INFO com.IBTim4.CertificatesApp.auth.JwtRequestFilter [https-jsse-nio-8081-exec-4] Getting GET request on: https://localhost:8081/api/captcha/validate/
2023-06-16 16:23:42,451 INFO com.IBTim4.CertificatesApp.auth.JwtRequestFilter [https-jsse-nio-8081-exec-4] Authorization header: null
2023-06-16 16:23:42,451 WARN com.IBTim4.CertificatesApp.auth.JwtRequestFilter [https-jsse-nio-8081-exec-4] JWT Token does not exist.
2023-06-16 16:23:42,553 INFO com.IBTim4.CertificatesApp.auth.JwtRequestFilter [https-jsse-nio-8081-exec-7] Getting POST request on: https://localhost:8081/api/user/login
2023-06-16 16:23:42,553 INFO com.IBTim4.CertificatesApp.auth.JwtRequestFilter [https-jsse-nio-8081-exec-7] Authorization header: null
2023-06-16 16:23:42,553 WARN com.IBTim4.CertificatesApp.auth.JwtRequestFilter [https-jsse-nio-8081-exec-7] JWT Token does not exist.
2023-06-16 16:23:42,692 INFO com.IBTim4.CertificatesApp.appUser.controller.AppUserController [https-jsse-nio-8081-exec-7] Login started.
2023-06-16 16:23:55,141 INFO com.IBTim4.CertificatesApp.auth.JwtRequestFilter [https-jsse-nio-8081-exec-7] Getting GET request on: https://localhost:8081/api/captcha/validate/
2023-06-16 16:23:55,141 INFO com.IBTim4.CertificatesApp.auth.JwtRequestFilter [https-jsse-nio-8081-exec-7] Authorization header: null
2023-06-16 16:23:55,142 WARN com.IBTim4.CertificatesApp.auth.JwtRequestFilter [https-jsse-nio-8081-exec-7] JWT Token does not exist.
2023-06-16 16:23:55,304 ERROR com.IBTim4.CertificatesApp.exceptions.ExceptionHandlerAdvice [https-jsse-nio-8081-exec-7] CustomExceptionWithMessage occurred with status 400 BAD_REQUEST: reCaptcha was not successfully validated
2023-06-16 16:24:30,456 INFO com.IBTim4.CertificatesApp.auth.JwtRequestFilter [https-jsse-nio-8081-exec-10] Getting GET request on: https://localhost:8081/api/captcha/validate/
2023-06-16 16:24:30,457 INFO com.IBTim4.CertificatesApp.auth.JwtRequestFilter [https-jsse-nio-8081-exec-10] Authorization header: null
2023-06-16 16:24:30,458 WARN com.IBTim4.CertificatesApp.auth.JwtRequestFilter [https-jsse-nio-8081-exec-10] JWT Token does not exist.
2023-06-16 16:24:30,635 ERROR com.IBTim4.CertificatesApp.exceptions.ExceptionHandlerAdvice [https-jsse-nio-8081-exec-10] CustomExceptionWithMessage occurred with status 400 BAD_REQUEST: reCaptcha was not successfully validated
2023-06-16 16:24:45,921 INFO com.IBTim4.CertificatesApp.auth.JwtRequestFilter [https-jsse-nio-8081-exec-4] Getting GET request on: https://localhost:8081/api/captcha/validate/
2023-06-16 16:24:45,922 INFO com.IBTim4.CertificatesApp.auth.JwtRequestFilter [https-jsse-nio-8081-exec-4] Authorization header: null
2023-06-16 16:24:45,922 WARN com.IBTim4.CertificatesApp.auth.JwtRequestFilter [https-jsse-nio-8081-exec-4] JWT Token does not exist.
2023-06-16 16:24:46,100 INFO com.IBTim4.CertificatesApp.auth.JwtRequestFilter [https-jsse-nio-8081-exec-10] Getting POST request on: https://localhost:8081/api/user/login
2023-06-16 16:24:46,101 INFO com.IBTim4.CertificatesApp.auth.JwtRequestFilter [https-jsse-nio-8081-exec-10] Authorization header: null
2023-06-16 16:24:46,101 WARN com.IBTim4.CertificatesApp.auth.JwtRequestFilter [https-jsse-nio-8081-exec-10] JWT Token does not exist.
2023-06-16 16:24:46,105 INFO com.IBTim4.CertificatesApp.appUser.controller.AppUserController [https-jsse-nio-8081-exec-10] Login started.
2023-06-16 16:24:46,308 INFO com.IBTim4.CertificatesApp.appUser.controller.AppUserController [https-jsse-nio-8081-exec-10] Trying to log in user with ID: 7
2023-06-16 16:24:46,565 INFO com.IBTim4.CertificatesApp.appUser.controller.AppUserController [https-jsse-nio-8081-exec-10] Login successful.
2023-06-16 16:24:46,566 INFO com.IBTim4.CertificatesApp.appUser.controller.AppUserController [https-jsse-nio-8081-exec-10] Password rotation is not required.
2023-06-16 16:24:46,627 INFO com.IBTim4.CertificatesApp.auth.JwtRequestFilter [https-jsse-nio-8081-exec-7] Getting GET request on: https://localhost:8081/api/user/generateEmailOTP/mikicamiki.bat@gmail.com
2023-06-16 16:24:46,627 INFO com.IBTim4.CertificatesApp.auth.JwtRequestFilter [https-jsse-nio-8081-exec-7] Authorization header: null
2023-06-16 16:24:46,628 WARN com.IBTim4.CertificatesApp.auth.JwtRequestFilter [https-jsse-nio-8081-exec-7] JWT Token does not exist.
2023-06-16 16:24:46,632 INFO com.IBTim4.CertificatesApp.appUser.controller.AppUserController [https-jsse-nio-8081-exec-7] Generating email OTP started.
2023-06-16 16:24:48,423 INFO com.IBTim4.CertificatesApp.appUser.controller.AppUserController [https-jsse-nio-8081-exec-7] OTP has been successfully generated, and awaits your verification 2023-06-16T16:24:48.423111600
2023-06-16 16:24:48,424 INFO com.IBTim4.CertificatesApp.appUser.controller.AppUserController [https-jsse-nio-8081-exec-7] OTP successfully generated and sent.
2023-06-16 16:25:24,564 INFO com.IBTim4.CertificatesApp.auth.JwtRequestFilter [https-jsse-nio-8081-exec-2] Getting POST request on: https://localhost:8081/api/user/verifyOTP/
2023-06-16 16:25:24,565 INFO com.IBTim4.CertificatesApp.auth.JwtRequestFilter [https-jsse-nio-8081-exec-2] Authorization header: null
2023-06-16 16:25:24,566 WARN com.IBTim4.CertificatesApp.auth.JwtRequestFilter [https-jsse-nio-8081-exec-2] JWT Token does not exist.
2023-06-16 16:25:24,581 INFO com.IBTim4.CertificatesApp.appUser.controller.AppUserController [https-jsse-nio-8081-exec-2] Verifying OTP started.
2023-06-16 16:25:24,761 INFO com.IBTim4.CertificatesApp.appUser.controller.AppUserController [https-jsse-nio-8081-exec-2] Verification is successful.
2023-06-16 16:25:27,693 INFO com.IBTim4.CertificatesApp.auth.JwtRequestFilter [https-jsse-nio-8081-exec-6] Getting GET request on: https://localhost:8081/api/certificate/all
2023-06-16 16:25:27,695 INFO com.IBTim4.CertificatesApp.auth.JwtRequestFilter [https-jsse-nio-8081-exec-6] Authorization header: Bearer "eyJhbGciOiJIUzUxMiJ9.eyJzdWIiOiJtaWtpY2FtaWtpLmJhdEBnbWFpbC5jb20iLCJyb2xlIjoiQURNSU4iLCJwaG9uZSI6IiszODE2OTI1MzIyMDEiLCJpZCI6NywiZXhwIjoxNjg2OTI1NjY2LCJpYXQiOjE2ODY5MjU0ODZ9.9UDd8k7u2fJ35hJ5bgKc6AsZ4BepCcStUMUCg0Y1LP9Jzg2lwTu3vk_8Sab2Whz59iWuGlgYxHsPPbggaJ6ZGA"
2023-06-16 16:25:27,924 INFO com.IBTim4.CertificatesApp.certificate.controller.CertificateController [https-jsse-nio-8081-exec-6] Started getting all certificates.
2023-06-16 16:25:37,981 INFO com.IBTim4.CertificatesApp.auth.JwtRequestFilter [https-jsse-nio-8081-exec-8] Getting GET request on: https://localhost:8081/api/user/google/oauth
2023-06-16 16:25:37,982 INFO com.IBTim4.CertificatesApp.auth.JwtRequestFilter [https-jsse-nio-8081-exec-8] Authorization header: null
2023-06-16 16:25:37,982 WARN com.IBTim4.CertificatesApp.auth.JwtRequestFilter [https-jsse-nio-8081-exec-8] JWT Token does not exist.
2023-06-16 16:25:42,177 INFO com.IBTim4.CertificatesApp.auth.OauthHandler [https-jsse-nio-8081-exec-10] Started OAuth login
2023-06-16 16:25:42,181 INFO com.IBTim4.CertificatesApp.auth.OauthHandler [https-jsse-nio-8081-exec-10] Login is successful
2023-06-16 16:25:43,486 INFO com.IBTim4.CertificatesApp.auth.JwtRequestFilter [https-jsse-nio-8081-exec-10] Getting POST request on: https://localhost:8081/api/user/google/login
2023-06-16 16:25:43,487 INFO com.IBTim4.CertificatesApp.auth.JwtRequestFilter [https-jsse-nio-8081-exec-10] Authorization header: null
2023-06-16 16:25:43,487 WARN com.IBTim4.CertificatesApp.auth.JwtRequestFilter [https-jsse-nio-8081-exec-10] JWT Token does not exist.
2023-06-16 16:26:02,145 INFO com.IBTim4.CertificatesApp.auth.JwtRequestFilter [https-jsse-nio-8081-exec-2] Getting GET request on: https://localhost:8081/api/captcha/validate/
2023-06-16 16:26:02,146 INFO com.IBTim4.CertificatesApp.auth.JwtRequestFilter [https-jsse-nio-8081-exec-2] Authorization header: null
2023-06-16 16:26:02,146 WARN com.IBTim4.CertificatesApp.auth.JwtRequestFilter [https-jsse-nio-8081-exec-2] JWT Token does not exist.
2023-06-16 16:26:02,279 INFO com.IBTim4.CertificatesApp.auth.JwtRequestFilter [https-jsse-nio-8081-exec-7] Getting POST request on: https://localhost:8081/api/user/login
2023-06-16 16:26:02,280 INFO com.IBTim4.CertificatesApp.auth.JwtRequestFilter [https-jsse-nio-8081-exec-7] Authorization header: null
2023-06-16 16:26:02,280 WARN com.IBTim4.CertificatesApp.auth.JwtRequestFilter [https-jsse-nio-8081-exec-7] JWT Token does not exist.
2023-06-16 16:26:02,284 INFO com.IBTim4.CertificatesApp.appUser.controller.AppUserController [https-jsse-nio-8081-exec-7] Login started.
2023-06-16 16:26:06,943 INFO com.IBTim4.CertificatesApp.auth.JwtRequestFilter [https-jsse-nio-8081-exec-1] Getting GET request on: https://localhost:8081/api/user/generateEmailOTP/3sparklez.cat@gmail.com
2023-06-16 16:26:06,944 INFO com.IBTim4.CertificatesApp.auth.JwtRequestFilter [https-jsse-nio-8081-exec-1] Authorization header: null
2023-06-16 16:26:06,945 WARN com.IBTim4.CertificatesApp.auth.JwtRequestFilter [https-jsse-nio-8081-exec-1] JWT Token does not exist.
2023-06-16 16:26:06,947 INFO com.IBTim4.CertificatesApp.appUser.controller.AppUserController [https-jsse-nio-8081-exec-1] Generating email OTP started.
2023-06-16 16:26:07,428 INFO com.IBTim4.CertificatesApp.appUser.controller.AppUserController [https-jsse-nio-8081-exec-1] OTP has been successfully generated, and awaits your verification 2023-06-16T16:26:07.428733700
2023-06-16 16:26:07,429 INFO com.IBTim4.CertificatesApp.appUser.controller.AppUserController [https-jsse-nio-8081-exec-1] OTP successfully generated and sent.
2023-06-16 16:26:27,570 INFO com.IBTim4.CertificatesApp.auth.JwtRequestFilter [https-jsse-nio-8081-exec-4] Getting POST request on: https://localhost:8081/api/user/changePassword
2023-06-16 16:26:27,572 INFO com.IBTim4.CertificatesApp.auth.JwtRequestFilter [https-jsse-nio-8081-exec-4] Authorization header: null
2023-06-16 16:26:27,573 WARN com.IBTim4.CertificatesApp.auth.JwtRequestFilter [https-jsse-nio-8081-exec-4] JWT Token does not exist.
2023-06-16 16:26:27,601 INFO com.IBTim4.CertificatesApp.appUser.controller.AppUserController [https-jsse-nio-8081-exec-4] Changing password started.
2023-06-16 16:26:28,294 INFO com.IBTim4.CertificatesApp.appUser.controller.AppUserController [https-jsse-nio-8081-exec-4] Password is successfully changed for user with ID: 9
2023-06-16 16:26:42,412 INFO com.IBTim4.CertificatesApp.auth.JwtRequestFilter [https-jsse-nio-8081-exec-4] Getting GET request on: https://localhost:8081/api/captcha/validate/
2023-06-16 16:26:42,413 INFO com.IBTim4.CertificatesApp.auth.JwtRequestFilter [https-jsse-nio-8081-exec-4] Authorization header: null
2023-06-16 16:26:42,413 WARN com.IBTim4.CertificatesApp.auth.JwtRequestFilter [https-jsse-nio-8081-exec-4] JWT Token does not exist.
2023-06-16 16:26:42,562 ERROR com.IBTim4.CertificatesApp.exceptions.ExceptionHandlerAdvice [https-jsse-nio-8081-exec-4] CustomExceptionWithMessage occurred with status 400 BAD_REQUEST: reCaptcha was not successfully validated
2023-06-16 16:26:46,887 INFO com.IBTim4.CertificatesApp.auth.JwtRequestFilter [https-jsse-nio-8081-exec-1] Getting GET request on: https://localhost:8081/api/captcha/validate/
2023-06-16 16:26:46,887 INFO com.IBTim4.CertificatesApp.auth.JwtRequestFilter [https-jsse-nio-8081-exec-1] Authorization header: null
2023-06-16 16:26:46,887 WARN com.IBTim4.CertificatesApp.auth.JwtRequestFilter [https-jsse-nio-8081-exec-1] JWT Token does not exist.
2023-06-16 16:26:46,973 INFO com.IBTim4.CertificatesApp.auth.JwtRequestFilter [https-jsse-nio-8081-exec-4] Getting POST request on: https://localhost:8081/api/user/login
2023-06-16 16:26:46,974 INFO com.IBTim4.CertificatesApp.auth.JwtRequestFilter [https-jsse-nio-8081-exec-4] Authorization header: null
2023-06-16 16:26:46,974 WARN com.IBTim4.CertificatesApp.auth.JwtRequestFilter [https-jsse-nio-8081-exec-4] JWT Token does not exist.
2023-06-16 16:26:46,977 INFO com.IBTim4.CertificatesApp.appUser.controller.AppUserController [https-jsse-nio-8081-exec-4] Login started.
2023-06-16 16:26:47,078 INFO com.IBTim4.CertificatesApp.appUser.controller.AppUserController [https-jsse-nio-8081-exec-4] Trying to log in user with ID: 9
2023-06-16 16:26:47,081 INFO com.IBTim4.CertificatesApp.appUser.controller.AppUserController [https-jsse-nio-8081-exec-4] Login successful.
2023-06-16 16:26:47,082 INFO com.IBTim4.CertificatesApp.appUser.controller.AppUserController [https-jsse-nio-8081-exec-4] Password rotation is not required.
2023-06-16 16:26:47,114 INFO com.IBTim4.CertificatesApp.auth.JwtRequestFilter [https-jsse-nio-8081-exec-6] Getting GET request on: https://localhost:8081/api/user/generateEmailOTP/3sparklez.cat@gmail.com
2023-06-16 16:26:47,117 INFO com.IBTim4.CertificatesApp.auth.JwtRequestFilter [https-jsse-nio-8081-exec-6] Authorization header: null
2023-06-16 16:26:47,120 WARN com.IBTim4.CertificatesApp.auth.JwtRequestFilter [https-jsse-nio-8081-exec-6] JWT Token does not exist.
2023-06-16 16:26:47,124 INFO com.IBTim4.CertificatesApp.appUser.controller.AppUserController [https-jsse-nio-8081-exec-6] Generating email OTP started.
2023-06-16 16:26:47,639 INFO com.IBTim4.CertificatesApp.appUser.controller.AppUserController [https-jsse-nio-8081-exec-6] OTP has been successfully generated, and awaits your verification 2023-06-16T16:26:47.639908900
2023-06-16 16:26:47,639 INFO com.IBTim4.CertificatesApp.appUser.controller.AppUserController [https-jsse-nio-8081-exec-6] OTP successfully generated and sent.
2023-06-16 16:27:00,189 INFO com.IBTim4.CertificatesApp.auth.JwtRequestFilter [https-jsse-nio-8081-exec-6] Getting POST request on: https://localhost:8081/api/user/verifyOTP/
2023-06-16 16:27:00,190 INFO com.IBTim4.CertificatesApp.auth.JwtRequestFilter [https-jsse-nio-8081-exec-6] Authorization header: null
2023-06-16 16:27:00,190 WARN com.IBTim4.CertificatesApp.auth.JwtRequestFilter [https-jsse-nio-8081-exec-6] JWT Token does not exist.
2023-06-16 16:27:00,192 INFO com.IBTim4.CertificatesApp.appUser.controller.AppUserController [https-jsse-nio-8081-exec-6] Verifying OTP started.
2023-06-16 16:27:00,370 INFO com.IBTim4.CertificatesApp.appUser.controller.AppUserController [https-jsse-nio-8081-exec-6] Verification is successful.
2023-06-16 16:28:45,226 INFO com.IBTim4.CertificatesApp.auth.JwtRequestFilter [https-jsse-nio-8081-exec-6] Getting GET request on: https://localhost:8081/api/user/generateEmailOTP/mladenstojan.ms@gmail.com
2023-06-16 16:28:45,227 INFO com.IBTim4.CertificatesApp.auth.JwtRequestFilter [https-jsse-nio-8081-exec-6] Authorization header: null
2023-06-16 16:28:45,227 WARN com.IBTim4.CertificatesApp.auth.JwtRequestFilter [https-jsse-nio-8081-exec-6] JWT Token does not exist.
2023-06-16 16:28:45,229 INFO com.IBTim4.CertificatesApp.appUser.controller.AppUserController [https-jsse-nio-8081-exec-6] Generating email OTP started.
2023-06-16 16:28:46,022 INFO com.IBTim4.CertificatesApp.appUser.controller.AppUserController [https-jsse-nio-8081-exec-6] OTP has been successfully generated, and awaits your verification 2023-06-16T16:28:46.022198700
2023-06-16 16:28:46,023 INFO com.IBTim4.CertificatesApp.appUser.controller.AppUserController [https-jsse-nio-8081-exec-6] OTP successfully generated and sent.
2023-06-16 16:29:48,258 INFO com.IBTim4.CertificatesApp.auth.JwtRequestFilter [https-jsse-nio-8081-exec-6] Getting GET request on: https://localhost:8081/api/captcha/validate/
2023-06-16 16:29:48,259 INFO com.IBTim4.CertificatesApp.auth.JwtRequestFilter [https-jsse-nio-8081-exec-6] Authorization header: null
2023-06-16 16:29:48,260 WARN com.IBTim4.CertificatesApp.auth.JwtRequestFilter [https-jsse-nio-8081-exec-6] JWT Token does not exist.
2023-06-16 16:29:48,407 ERROR com.IBTim4.CertificatesApp.exceptions.ExceptionHandlerAdvice [https-jsse-nio-8081-exec-6] CustomExceptionWithMessage occurred with status 400 BAD_REQUEST: reCaptcha was not successfully validated
2023-06-16 16:29:52,803 INFO com.IBTim4.CertificatesApp.auth.JwtRequestFilter [https-jsse-nio-8081-exec-4] Getting GET request on: https://localhost:8081/api/captcha/validate/
2023-06-16 16:29:52,804 INFO com.IBTim4.CertificatesApp.auth.JwtRequestFilter [https-jsse-nio-8081-exec-4] Authorization header: null
2023-06-16 16:29:52,804 WARN com.IBTim4.CertificatesApp.auth.JwtRequestFilter [https-jsse-nio-8081-exec-4] JWT Token does not exist.
2023-06-16 16:29:52,904 INFO com.IBTim4.CertificatesApp.auth.JwtRequestFilter [https-jsse-nio-8081-exec-6] Getting POST request on: https://localhost:8081/api/user/verifyOTP/
2023-06-16 16:29:52,904 INFO com.IBTim4.CertificatesApp.auth.JwtRequestFilter [https-jsse-nio-8081-exec-6] Authorization header: null
2023-06-16 16:29:52,904 WARN com.IBTim4.CertificatesApp.auth.JwtRequestFilter [https-jsse-nio-8081-exec-6] JWT Token does not exist.
2023-06-16 16:29:52,907 INFO com.IBTim4.CertificatesApp.appUser.controller.AppUserController [https-jsse-nio-8081-exec-6] Verifying OTP started.
2023-06-16 16:29:53,522 INFO com.IBTim4.CertificatesApp.appUser.controller.AppUserController [https-jsse-nio-8081-exec-6] Verification is successful.
2023-06-16 16:29:53,544 INFO com.IBTim4.CertificatesApp.auth.JwtRequestFilter [https-jsse-nio-8081-exec-3] Getting POST request on: https://localhost:8081/api/user
2023-06-16 16:29:53,544 INFO com.IBTim4.CertificatesApp.auth.JwtRequestFilter [https-jsse-nio-8081-exec-3] Authorization header: null
2023-06-16 16:29:53,544 WARN com.IBTim4.CertificatesApp.auth.JwtRequestFilter [https-jsse-nio-8081-exec-3] JWT Token does not exist.
2023-06-16 16:29:53,566 INFO com.IBTim4.CertificatesApp.appUser.controller.AppUserController [https-jsse-nio-8081-exec-3] Registration started.
2023-06-16 16:29:53,734 INFO com.IBTim4.CertificatesApp.appUser.controller.AppUserController [https-jsse-nio-8081-exec-3] User successfully registered.
2023-06-16 16:30:03,539 INFO com.IBTim4.CertificatesApp.auth.JwtRequestFilter [https-jsse-nio-8081-exec-9] Getting GET request on: https://localhost:8081/api/captcha/validate/
2023-06-16 16:30:03,540 INFO com.IBTim4.CertificatesApp.auth.JwtRequestFilter [https-jsse-nio-8081-exec-9] Authorization header: null
2023-06-16 16:30:03,540 WARN com.IBTim4.CertificatesApp.auth.JwtRequestFilter [https-jsse-nio-8081-exec-9] JWT Token does not exist.
2023-06-16 16:30:03,673 ERROR com.IBTim4.CertificatesApp.exceptions.ExceptionHandlerAdvice [https-jsse-nio-8081-exec-9] CustomExceptionWithMessage occurred with status 400 BAD_REQUEST: reCaptcha was not successfully validated
2023-06-16 16:30:11,054 INFO com.IBTim4.CertificatesApp.auth.JwtRequestFilter [https-jsse-nio-8081-exec-3] Getting GET request on: https://localhost:8081/api/captcha/validate/
2023-06-16 16:30:11,055 INFO com.IBTim4.CertificatesApp.auth.JwtRequestFilter [https-jsse-nio-8081-exec-3] Authorization header: null
2023-06-16 16:30:11,055 WARN com.IBTim4.CertificatesApp.auth.JwtRequestFilter [https-jsse-nio-8081-exec-3] JWT Token does not exist.
2023-06-16 16:30:11,210 INFO com.IBTim4.CertificatesApp.auth.JwtRequestFilter [https-jsse-nio-8081-exec-9] Getting POST request on: https://localhost:8081/api/user/login
2023-06-16 16:30:11,211 INFO com.IBTim4.CertificatesApp.auth.JwtRequestFilter [https-jsse-nio-8081-exec-9] Authorization header: null
2023-06-16 16:30:11,211 WARN com.IBTim4.CertificatesApp.auth.JwtRequestFilter [https-jsse-nio-8081-exec-9] JWT Token does not exist.
2023-06-16 16:30:11,214 INFO com.IBTim4.CertificatesApp.appUser.controller.AppUserController [https-jsse-nio-8081-exec-9] Login started.
2023-06-16 16:30:11,317 INFO com.IBTim4.CertificatesApp.appUser.controller.AppUserController [https-jsse-nio-8081-exec-9] Trying to log in user with ID: 10
2023-06-16 16:30:11,321 INFO com.IBTim4.CertificatesApp.appUser.controller.AppUserController [https-jsse-nio-8081-exec-9] Login successful.
2023-06-16 16:30:11,322 INFO com.IBTim4.CertificatesApp.appUser.controller.AppUserController [https-jsse-nio-8081-exec-9] Password rotation is not required.
2023-06-16 16:30:11,348 INFO com.IBTim4.CertificatesApp.auth.JwtRequestFilter [https-jsse-nio-8081-exec-10] Getting GET request on: https://localhost:8081/api/user/generateEmailOTP/mladenstojan.ms@gmail.com
2023-06-16 16:30:11,348 INFO com.IBTim4.CertificatesApp.auth.JwtRequestFilter [https-jsse-nio-8081-exec-10] Authorization header: null
2023-06-16 16:30:11,349 WARN com.IBTim4.CertificatesApp.auth.JwtRequestFilter [https-jsse-nio-8081-exec-10] JWT Token does not exist.
2023-06-16 16:30:11,352 INFO com.IBTim4.CertificatesApp.appUser.controller.AppUserController [https-jsse-nio-8081-exec-10] Generating email OTP started.
2023-06-16 16:30:11,778 INFO com.IBTim4.CertificatesApp.appUser.controller.AppUserController [https-jsse-nio-8081-exec-10] OTP has been successfully generated, and awaits your verification 2023-06-16T16:30:11.778323600
2023-06-16 16:30:11,778 INFO com.IBTim4.CertificatesApp.appUser.controller.AppUserController [https-jsse-nio-8081-exec-10] OTP successfully generated and sent.
2023-06-16 16:30:30,515 INFO com.IBTim4.CertificatesApp.auth.JwtRequestFilter [https-jsse-nio-8081-exec-8] Getting POST request on: https://localhost:8081/api/user/verifyOTP/
2023-06-16 16:30:30,516 INFO com.IBTim4.CertificatesApp.auth.JwtRequestFilter [https-jsse-nio-8081-exec-8] Authorization header: null
2023-06-16 16:30:30,517 WARN com.IBTim4.CertificatesApp.auth.JwtRequestFilter [https-jsse-nio-8081-exec-8] JWT Token does not exist.
2023-06-16 16:30:30,522 INFO com.IBTim4.CertificatesApp.appUser.controller.AppUserController [https-jsse-nio-8081-exec-8] Verifying OTP started.
2023-06-16 16:30:30,730 INFO com.IBTim4.CertificatesApp.appUser.controller.AppUserController [https-jsse-nio-8081-exec-8] Verification is successful.
2023-06-16 16:31:29,176 INFO org.springframework.orm.jpa.AbstractEntityManagerFactoryBean [SpringApplicationShutdownHook] Closing JPA EntityManagerFactory for persistence unit 'default'
2023-06-16 16:31:29,185 INFO com.zaxxer.hikari.HikariDataSource [SpringApplicationShutdownHook] HikariPool-1 - Shutdown initiated...
2023-06-16 16:31:29,209 INFO com.zaxxer.hikari.HikariDataSource [SpringApplicationShutdownHook] HikariPool-1 - Shutdown completed.
