2023-06-16 10:24:01,330 INFO org.hibernate.validator.internal.util.Version [background-preinit] HV000001: Hibernate Validator 6.2.5.Final
2023-06-16 10:24:01,412 INFO org.springframework.boot.StartupInfoLogger [main] Starting CertificatesAppApplication using Java 17.0.5 on MilosStojanovic with PID 8736 (D:\Faks\3. Godina\Informaciona bezbednost\IB-Tim4\backend\target\classes started by MMDE Laptop in D:\Faks\3. Godina\Informaciona bezbednost\IB-Tim4\backend)
2023-06-16 10:24:01,414 DEBUG org.springframework.boot.StartupInfoLogger [main] Running with Spring Boot v2.7.9, Spring v5.3.25
2023-06-16 10:24:01,419 INFO org.springframework.boot.SpringApplication [main] No active profile set, falling back to 1 default profile: "default"
2023-06-16 10:24:04,605 INFO org.springframework.data.repository.config.RepositoryConfigurationDelegate [main] Bootstrapping Spring Data JPA repositories in DEFAULT mode.
2023-06-16 10:24:04,856 INFO org.springframework.data.repository.config.RepositoryConfigurationDelegate [main] Finished Spring Data repository scanning in 216 ms. Found 5 JPA repository interfaces.
2023-06-16 10:24:07,517 INFO org.springframework.boot.web.embedded.tomcat.TomcatWebServer [main] Tomcat initialized with port(s): 8081 (https)
2023-06-16 10:24:07,553 INFO org.apache.juli.logging.DirectJDKLog [main] Initializing ProtocolHandler ["https-jsse-nio-8081"]
2023-06-16 10:24:07,557 INFO org.apache.juli.logging.DirectJDKLog [main] Starting service [Tomcat]
2023-06-16 10:24:07,557 INFO org.apache.juli.logging.DirectJDKLog [main] Starting Servlet engine: [Apache Tomcat/9.0.71]
2023-06-16 10:24:08,715 INFO org.apache.juli.logging.DirectJDKLog [main] Initializing Spring embedded WebApplicationContext
2023-06-16 10:24:08,716 INFO org.springframework.boot.web.servlet.context.ServletWebServerApplicationContext [main] Root WebApplicationContext: initialization completed in 7103 ms
2023-06-16 10:24:08,927 INFO com.zaxxer.hikari.HikariDataSource [main] HikariPool-1 - Starting...
2023-06-16 10:24:10,612 INFO com.zaxxer.hikari.HikariDataSource [main] HikariPool-1 - Start completed.
2023-06-16 10:24:10,652 INFO org.springframework.boot.autoconfigure.h2.H2ConsoleAutoConfiguration [main] H2 console available at '/h2-console'. Database available at 'jdbc:postgresql://localhost:5432/postgres?'
2023-06-16 10:24:11,071 INFO org.hibernate.jpa.internal.util.LogHelper [main] HHH000204: Processing PersistenceUnitInfo [name: default]
2023-06-16 10:24:11,257 INFO org.hibernate.Version [main] HHH000412: Hibernate ORM core version 5.6.15.Final
2023-06-16 10:24:11,739 INFO org.hibernate.annotations.common.reflection.java.JavaReflectionManager [main] HCANN000001: Hibernate Commons Annotations {5.1.2.Final}
2023-06-16 10:24:12,132 INFO org.hibernate.dialect.Dialect [main] HHH000400: Using dialect: org.hibernate.dialect.PostgreSQLDialect
2023-06-16 10:24:15,465 INFO org.hibernate.engine.transaction.jta.platform.internal.JtaPlatformInitiator [main] HHH000490: Using JtaPlatform implementation: [org.hibernate.engine.transaction.jta.platform.internal.NoJtaPlatform]
2023-06-16 10:24:15,488 INFO org.springframework.orm.jpa.AbstractEntityManagerFactoryBean [main] Initialized JPA EntityManagerFactory for persistence unit 'default'
2023-06-16 10:24:16,766 DEBUG org.springframework.web.filter.GenericFilterBean [main] Filter 'jwtRequestFilter' configured for use
2023-06-16 10:24:18,166 WARN org.springframework.boot.autoconfigure.orm.jpa.JpaBaseConfiguration$JpaWebConfiguration [main] spring.jpa.open-in-view is enabled by default. Therefore, database queries may be performed during view rendering. Explicitly configure spring.jpa.open-in-view to disable this warning
2023-06-16 10:24:18,532 INFO org.springframework.security.web.DefaultSecurityFilterChain [main] Will secure any request with [org.springframework.security.web.session.DisableEncodeUrlFilter@15d2ea6b, org.springframework.security.web.context.request.async.WebAsyncManagerIntegrationFilter@3fc14dc0, org.springframework.security.web.context.SecurityContextPersistenceFilter@870a9f2, org.springframework.security.web.header.HeaderWriterFilter@52fe87e0, org.springframework.web.filter.CorsFilter@3c04ddda, org.springframework.security.web.authentication.logout.LogoutFilter@25e203e6, com.IBTim4.CertificatesApp.auth.JwtRequestFilter@2d9df336, org.springframework.security.web.savedrequest.RequestCacheAwareFilter@7f2542f, org.springframework.security.web.servletapi.SecurityContextHolderAwareRequestFilter@3dad8bde, org.springframework.security.web.authentication.AnonymousAuthenticationFilter@78c23ade, org.springframework.security.web.session.SessionManagementFilter@5186b78a, org.springframework.security.web.access.ExceptionTranslationFilter@73818435, org.springframework.security.web.access.intercept.FilterSecurityInterceptor@6f695077]
2023-06-16 10:24:18,970 INFO org.apache.juli.logging.DirectJDKLog [main] Starting ProtocolHandler ["https-jsse-nio-8081"]
2023-06-16 10:24:19,387 INFO org.springframework.boot.web.embedded.tomcat.TomcatWebServer [main] Tomcat started on port(s): 8081 (https) with context path ''
2023-06-16 10:24:19,411 INFO org.springframework.boot.StartupInfoLogger [main] Started CertificatesAppApplication in 20.22 seconds (JVM running for 23.811)
2023-06-16 10:26:18,178 INFO org.apache.juli.logging.DirectJDKLog [https-jsse-nio-8081-exec-3] Initializing Spring DispatcherServlet 'dispatcherServlet'
2023-06-16 10:26:18,179 INFO org.springframework.web.servlet.FrameworkServlet [https-jsse-nio-8081-exec-3] Initializing Servlet 'dispatcherServlet'
2023-06-16 10:26:18,182 INFO org.springframework.web.servlet.FrameworkServlet [https-jsse-nio-8081-exec-3] Completed initialization in 3 ms
2023-06-16 10:26:18,278 INFO com.IBTim4.CertificatesApp.auth.JwtRequestFilter [https-jsse-nio-8081-exec-4] Getting POST request on: https://localhost:8081/api/user/login
2023-06-16 10:26:18,279 INFO com.IBTim4.CertificatesApp.auth.JwtRequestFilter [https-jsse-nio-8081-exec-4] Authorization header: null
2023-06-16 10:26:18,280 WARN com.IBTim4.CertificatesApp.auth.JwtRequestFilter [https-jsse-nio-8081-exec-4] JWT Token does not exist.
2023-06-16 10:26:18,630 ERROR com.IBTim4.CertificatesApp.exceptions.ExceptionHandlerAdvice [https-jsse-nio-8081-exec-4] MethodArgumentNotValidException occurred: Field password must be have 8 to 64 characters, 1 digit and 1 special character are required

2023-06-16 10:27:02,001 INFO com.IBTim4.CertificatesApp.auth.JwtRequestFilter [https-jsse-nio-8081-exec-3] Getting POST request on: https://localhost:8081/api/user/login
2023-06-16 10:27:02,003 INFO com.IBTim4.CertificatesApp.auth.JwtRequestFilter [https-jsse-nio-8081-exec-3] Authorization header: null
2023-06-16 10:27:02,003 WARN com.IBTim4.CertificatesApp.auth.JwtRequestFilter [https-jsse-nio-8081-exec-3] JWT Token does not exist.
2023-06-16 10:27:02,008 ERROR com.IBTim4.CertificatesApp.exceptions.ExceptionHandlerAdvice [https-jsse-nio-8081-exec-3] MethodArgumentNotValidException occurred: Field password must be have 8 to 64 characters, 1 digit and 1 special character are required

2023-06-16 10:28:01,336 INFO com.IBTim4.CertificatesApp.auth.JwtRequestFilter [https-jsse-nio-8081-exec-2] Getting POST request on: https://localhost:8081/api/user/login
2023-06-16 10:28:01,337 INFO com.IBTim4.CertificatesApp.auth.JwtRequestFilter [https-jsse-nio-8081-exec-2] Authorization header: null
2023-06-16 10:28:01,337 WARN com.IBTim4.CertificatesApp.auth.JwtRequestFilter [https-jsse-nio-8081-exec-2] JWT Token does not exist.
2023-06-16 10:28:01,340 ERROR com.IBTim4.CertificatesApp.exceptions.ExceptionHandlerAdvice [https-jsse-nio-8081-exec-2] MethodArgumentNotValidException occurred: Field password must be have 8 to 64 characters, 1 digit and 1 special character are required

2023-06-16 10:28:23,107 INFO com.IBTim4.CertificatesApp.auth.JwtRequestFilter [https-jsse-nio-8081-exec-8] Getting POST request on: https://localhost:8081/api/user/login
2023-06-16 10:28:23,107 INFO com.IBTim4.CertificatesApp.auth.JwtRequestFilter [https-jsse-nio-8081-exec-8] Authorization header: null
2023-06-16 10:28:23,108 WARN com.IBTim4.CertificatesApp.auth.JwtRequestFilter [https-jsse-nio-8081-exec-8] JWT Token does not exist.
2023-06-16 10:28:23,249 INFO com.IBTim4.CertificatesApp.appUser.controller.AppUserController [https-jsse-nio-8081-exec-8] Login started.
2023-06-16 10:30:27,049 INFO org.springframework.orm.jpa.AbstractEntityManagerFactoryBean [SpringApplicationShutdownHook] Closing JPA EntityManagerFactory for persistence unit 'default'
2023-06-16 10:30:27,054 INFO com.zaxxer.hikari.HikariDataSource [SpringApplicationShutdownHook] HikariPool-1 - Shutdown initiated...
2023-06-16 10:30:27,070 INFO com.zaxxer.hikari.HikariDataSource [SpringApplicationShutdownHook] HikariPool-1 - Shutdown completed.
