2023-05-31 11:11:58,691 INFO org.hibernate.validator.internal.util.Version [background-preinit] HV000001: Hibernate Validator 6.2.5.Final
2023-05-31 11:11:58,709 INFO org.springframework.boot.StartupInfoLogger [main] Starting CertificatesAppApplication using Java 17.0.5 on MilosStojanovic with PID 5476 (D:\Faks\3. Godina\Informaciona bezbednost\IB-Tim4\backend\target\classes started by MMDE Laptop in D:\Faks\3. Godina\Informaciona bezbednost\IB-Tim4\backend)
2023-05-31 11:11:58,712 DEBUG org.springframework.boot.StartupInfoLogger [main] Running with Spring Boot v2.7.9, Spring v5.3.25
2023-05-31 11:11:58,715 INFO org.springframework.boot.SpringApplication [main] No active profile set, falling back to 1 default profile: "default"
2023-05-31 11:12:00,705 INFO org.springframework.data.repository.config.RepositoryConfigurationDelegate [main] Bootstrapping Spring Data JPA repositories in DEFAULT mode.
2023-05-31 11:12:00,871 INFO org.springframework.data.repository.config.RepositoryConfigurationDelegate [main] Finished Spring Data repository scanning in 135 ms. Found 5 JPA repository interfaces.
2023-05-31 11:12:02,492 INFO org.springframework.boot.web.embedded.tomcat.TomcatWebServer [main] Tomcat initialized with port(s): 8081 (http)
2023-05-31 11:12:02,515 INFO org.apache.juli.logging.DirectJDKLog [main] Initializing ProtocolHandler ["http-nio-8081"]
2023-05-31 11:12:02,516 INFO org.apache.juli.logging.DirectJDKLog [main] Starting service [Tomcat]
2023-05-31 11:12:02,518 INFO org.apache.juli.logging.DirectJDKLog [main] Starting Servlet engine: [Apache Tomcat/9.0.71]
2023-05-31 11:12:02,869 INFO org.apache.juli.logging.DirectJDKLog [main] Initializing Spring embedded WebApplicationContext
2023-05-31 11:12:02,869 INFO org.springframework.boot.web.servlet.context.ServletWebServerApplicationContext [main] Root WebApplicationContext: initialization completed in 4028 ms
2023-05-31 11:12:03,293 INFO org.hibernate.jpa.internal.util.LogHelper [main] HHH000204: Processing PersistenceUnitInfo [name: default]
2023-05-31 11:12:03,454 INFO org.hibernate.Version [main] HHH000412: Hibernate ORM core version 5.6.15.Final
2023-05-31 11:12:03,878 INFO org.hibernate.annotations.common.reflection.java.JavaReflectionManager [main] HCANN000001: Hibernate Commons Annotations {5.1.2.Final}
2023-05-31 11:12:04,083 INFO com.zaxxer.hikari.HikariDataSource [main] HikariPool-1 - Starting...
2023-05-31 11:12:04,430 INFO com.zaxxer.hikari.HikariDataSource [main] HikariPool-1 - Start completed.
2023-05-31 11:12:04,467 INFO org.hibernate.dialect.Dialect [main] HHH000400: Using dialect: org.hibernate.dialect.PostgreSQLDialect
2023-05-31 11:12:06,533 INFO org.hibernate.engine.transaction.jta.platform.internal.JtaPlatformInitiator [main] HHH000490: Using JtaPlatform implementation: [org.hibernate.engine.transaction.jta.platform.internal.NoJtaPlatform]
2023-05-31 11:12:06,552 INFO org.springframework.orm.jpa.AbstractEntityManagerFactoryBean [main] Initialized JPA EntityManagerFactory for persistence unit 'default'
2023-05-31 11:12:07,288 DEBUG org.springframework.web.filter.GenericFilterBean [main] Filter 'jwtRequestFilter' configured for use
2023-05-31 11:12:08,187 WARN org.springframework.boot.autoconfigure.orm.jpa.JpaBaseConfiguration$JpaWebConfiguration [main] spring.jpa.open-in-view is enabled by default. Therefore, database queries may be performed during view rendering. Explicitly configure spring.jpa.open-in-view to disable this warning
2023-05-31 11:12:08,639 INFO org.springframework.security.web.DefaultSecurityFilterChain [main] Will secure any request with [org.springframework.security.web.session.DisableEncodeUrlFilter@59d09ff3, org.springframework.security.web.context.request.async.WebAsyncManagerIntegrationFilter@17d0d3d7, org.springframework.security.web.context.SecurityContextPersistenceFilter@39296cef, org.springframework.security.web.header.HeaderWriterFilter@406808eb, org.springframework.web.filter.CorsFilter@39fc17be, org.springframework.security.web.authentication.logout.LogoutFilter@684f7f1c, com.IBTim4.CertificatesApp.auth.JwtRequestFilter@1eb52131, org.springframework.security.web.savedrequest.RequestCacheAwareFilter@7771c4e, org.springframework.security.web.servletapi.SecurityContextHolderAwareRequestFilter@113a6636, org.springframework.security.web.authentication.AnonymousAuthenticationFilter@106edde4, org.springframework.security.web.session.SessionManagementFilter@354e2bff, org.springframework.security.web.access.ExceptionTranslationFilter@1bb0fa38, org.springframework.security.web.access.intercept.FilterSecurityInterceptor@c6d7256]
2023-05-31 11:12:09,048 INFO org.apache.juli.logging.DirectJDKLog [main] Starting ProtocolHandler ["http-nio-8081"]
2023-05-31 11:12:09,085 INFO org.springframework.boot.web.embedded.tomcat.TomcatWebServer [main] Tomcat started on port(s): 8081 (http) with context path ''
2023-05-31 11:12:09,110 INFO org.springframework.boot.StartupInfoLogger [main] Started CertificatesAppApplication in 11.181 seconds (JVM running for 12.319)
2023-05-31 11:13:01,447 INFO org.apache.juli.logging.DirectJDKLog [http-nio-8081-exec-1] Initializing Spring DispatcherServlet 'dispatcherServlet'
2023-05-31 11:13:01,451 INFO org.springframework.web.servlet.FrameworkServlet [http-nio-8081-exec-1] Initializing Servlet 'dispatcherServlet'
2023-05-31 11:13:01,454 INFO org.springframework.web.servlet.FrameworkServlet [http-nio-8081-exec-1] Completed initialization in 2 ms
2023-05-31 11:13:01,605 INFO com.IBTim4.CertificatesApp.auth.JwtRequestFilter [http-nio-8081-exec-1] Getting GET request on: http://127.0.0.1:8081/api/certificate/valid
2023-05-31 11:13:01,607 INFO com.IBTim4.CertificatesApp.auth.JwtRequestFilter [http-nio-8081-exec-1] Authorization header: Bearer eyJhbGciOiJIUzUxMiJ9.eyJzdWIiOiJ6aWthQGVtYWlsLmNvbSIsInJvbGUiOiJBRE1JTiIsInBob25lIjoiMTIzMzIyMzMiLCJpZCI6MiwiZXhwIjoxNjg1NTQwMzUwLCJpYXQiOjE2ODU1MjIzNTB9.9NsfXT4UWJt8hwGSrWXoG5nJ7vmBXcroMZ97GZURYldEsIUdKKWnc9p4U6VxnrUn_H_5lIiUd7TU0brD-7dWrw
2023-05-31 11:13:02,420 INFO com.IBTim4.CertificatesApp.certificate.controller.CertificateController [http-nio-8081-exec-1] Stated validating certificate with ID: 2853876
2023-05-31 11:13:02,502 INFO com.IBTim4.CertificatesApp.certificate.controller.CertificateController [http-nio-8081-exec-1] Certificate is not valid.
2023-05-31 11:13:24,149 INFO com.IBTim4.CertificatesApp.auth.JwtRequestFilter [http-nio-8081-exec-2] Getting GET request on: http://127.0.0.1:8081/api/certificate/valid
2023-05-31 11:13:24,150 INFO com.IBTim4.CertificatesApp.auth.JwtRequestFilter [http-nio-8081-exec-2] Authorization header: Bearer eyJhbGciOiJIUzUxMiJ9.eyJzdWIiOiJ6aWthQGVtYWlsLmNvbSIsInJvbGUiOiJBRE1JTiIsInBob25lIjoiMTIzMzIyMzMiLCJpZCI6MiwiZXhwIjoxNjg1NTQwMzUwLCJpYXQiOjE2ODU1MjIzNTB9.9NsfXT4UWJt8hwGSrWXoG5nJ7vmBXcroMZ97GZURYldEsIUdKKWnc9p4U6VxnrUn_H_5lIiUd7TU0brD-7dWrw
2023-05-31 11:13:24,168 INFO com.IBTim4.CertificatesApp.certificate.controller.CertificateController [http-nio-8081-exec-2] Stated validating certificate with ID: 28538762
2023-05-31 11:13:24,175 ERROR com.IBTim4.CertificatesApp.exceptions.ExceptionHandlerAdvice [http-nio-8081-exec-2] CustomExceptionWithMessage occurred with status 404 NOT_FOUND: Certificate with given serial number does not exist.
2023-05-31 11:13:37,118 INFO org.springframework.orm.jpa.AbstractEntityManagerFactoryBean [SpringApplicationShutdownHook] Closing JPA EntityManagerFactory for persistence unit 'default'
2023-05-31 11:13:37,122 INFO com.zaxxer.hikari.HikariDataSource [SpringApplicationShutdownHook] HikariPool-1 - Shutdown initiated...
2023-05-31 11:13:37,145 INFO com.zaxxer.hikari.HikariDataSource [SpringApplicationShutdownHook] HikariPool-1 - Shutdown completed.
