2023-06-16 12:32:32,848 INFO org.hibernate.validator.internal.util.Version [background-preinit] HV000001: Hibernate Validator 6.2.5.Final
2023-06-16 12:32:32,869 INFO org.springframework.boot.StartupInfoLogger [main] Starting CertificatesAppApplication using Java 17.0.5 on MilosStojanovic with PID 14008 (D:\Faks\3. Godina\Informaciona bezbednost\IB-Tim4\backend\target\classes started by MMDE Laptop in D:\Faks\3. Godina\Informaciona bezbednost\IB-Tim4\backend)
2023-06-16 12:32:32,871 DEBUG org.springframework.boot.StartupInfoLogger [main] Running with Spring Boot v2.7.9, Spring v5.3.25
2023-06-16 12:32:32,872 INFO org.springframework.boot.SpringApplication [main] No active profile set, falling back to 1 default profile: "default"
2023-06-16 12:32:34,815 INFO org.springframework.data.repository.config.RepositoryConfigurationDelegate [main] Bootstrapping Spring Data JPA repositories in DEFAULT mode.
2023-06-16 12:32:34,978 INFO org.springframework.data.repository.config.RepositoryConfigurationDelegate [main] Finished Spring Data repository scanning in 143 ms. Found 5 JPA repository interfaces.
2023-06-16 12:32:36,516 INFO org.springframework.boot.web.embedded.tomcat.TomcatWebServer [main] Tomcat initialized with port(s): 8081 (https)
2023-06-16 12:32:36,538 INFO org.apache.juli.logging.DirectJDKLog [main] Initializing ProtocolHandler ["https-jsse-nio-8081"]
2023-06-16 12:32:36,540 INFO org.apache.juli.logging.DirectJDKLog [main] Starting service [Tomcat]
2023-06-16 12:32:36,541 INFO org.apache.juli.logging.DirectJDKLog [main] Starting Servlet engine: [Apache Tomcat/9.0.71]
2023-06-16 12:32:37,004 INFO org.apache.juli.logging.DirectJDKLog [main] Initializing Spring embedded WebApplicationContext
2023-06-16 12:32:37,005 INFO org.springframework.boot.web.servlet.context.ServletWebServerApplicationContext [main] Root WebApplicationContext: initialization completed in 4017 ms
2023-06-16 12:32:37,089 INFO com.zaxxer.hikari.HikariDataSource [main] HikariPool-1 - Starting...
2023-06-16 12:32:37,471 INFO com.zaxxer.hikari.HikariDataSource [main] HikariPool-1 - Start completed.
2023-06-16 12:32:37,497 INFO org.springframework.boot.autoconfigure.h2.H2ConsoleAutoConfiguration [main] H2 console available at '/h2-console'. Database available at 'jdbc:postgresql://localhost:5432/postgres?'
2023-06-16 12:32:37,891 INFO org.hibernate.jpa.internal.util.LogHelper [main] HHH000204: Processing PersistenceUnitInfo [name: default]
2023-06-16 12:32:38,037 INFO org.hibernate.Version [main] HHH000412: Hibernate ORM core version 5.6.15.Final
2023-06-16 12:32:38,541 INFO org.hibernate.annotations.common.reflection.java.JavaReflectionManager [main] HCANN000001: Hibernate Commons Annotations {5.1.2.Final}
2023-06-16 12:32:38,889 INFO org.hibernate.dialect.Dialect [main] HHH000400: Using dialect: org.hibernate.dialect.PostgreSQLDialect
2023-06-16 12:32:40,619 INFO org.hibernate.engine.transaction.jta.platform.internal.JtaPlatformInitiator [main] HHH000490: Using JtaPlatform implementation: [org.hibernate.engine.transaction.jta.platform.internal.NoJtaPlatform]
2023-06-16 12:32:40,633 INFO org.springframework.orm.jpa.AbstractEntityManagerFactoryBean [main] Initialized JPA EntityManagerFactory for persistence unit 'default'
2023-06-16 12:32:41,338 DEBUG org.springframework.web.filter.GenericFilterBean [main] Filter 'jwtRequestFilter' configured for use
2023-06-16 12:32:42,512 WARN org.springframework.boot.autoconfigure.orm.jpa.JpaBaseConfiguration$JpaWebConfiguration [main] spring.jpa.open-in-view is enabled by default. Therefore, database queries may be performed during view rendering. Explicitly configure spring.jpa.open-in-view to disable this warning
2023-06-16 12:32:42,927 INFO org.springframework.security.web.DefaultSecurityFilterChain [main] Will secure any request with [org.springframework.security.web.session.DisableEncodeUrlFilter@1d51b6a8, org.springframework.security.web.context.request.async.WebAsyncManagerIntegrationFilter@2b18b308, org.springframework.security.web.context.SecurityContextPersistenceFilter@33845e3d, org.springframework.security.web.header.HeaderWriterFilter@c79915a, org.springframework.web.filter.CorsFilter@37dc7661, org.springframework.security.web.authentication.logout.LogoutFilter@6d7772d3, org.springframework.security.oauth2.client.web.OAuth2AuthorizationRequestRedirectFilter@1d4531fa, org.springframework.security.oauth2.client.web.OAuth2AuthorizationRequestRedirectFilter@748aa7dc, org.springframework.security.oauth2.client.web.OAuth2LoginAuthenticationFilter@31e84f10, com.IBTim4.CertificatesApp.auth.JwtRequestFilter@38856d6e, org.springframework.security.web.savedrequest.RequestCacheAwareFilter@3662c887, org.springframework.security.web.servletapi.SecurityContextHolderAwareRequestFilter@23119bc3, org.springframework.security.web.authentication.AnonymousAuthenticationFilter@2e015ac1, org.springframework.security.oauth2.client.web.OAuth2AuthorizationCodeGrantFilter@40071890, org.springframework.security.web.session.SessionManagementFilter@a08e41b, org.springframework.security.web.access.ExceptionTranslationFilter@71634e64, org.springframework.security.web.access.intercept.FilterSecurityInterceptor@7e9ed4df]
2023-06-16 12:32:43,441 INFO org.apache.juli.logging.DirectJDKLog [main] Starting ProtocolHandler ["https-jsse-nio-8081"]
2023-06-16 12:32:43,750 INFO org.springframework.boot.web.embedded.tomcat.TomcatWebServer [main] Tomcat started on port(s): 8081 (https) with context path ''
2023-06-16 12:32:43,775 INFO org.springframework.boot.StartupInfoLogger [main] Started CertificatesAppApplication in 11.816 seconds (JVM running for 13.214)
2023-06-16 12:32:52,992 INFO org.apache.juli.logging.DirectJDKLog [https-jsse-nio-8081-exec-6] Initializing Spring DispatcherServlet 'dispatcherServlet'
2023-06-16 12:32:52,993 INFO org.springframework.web.servlet.FrameworkServlet [https-jsse-nio-8081-exec-6] Initializing Servlet 'dispatcherServlet'
2023-06-16 12:32:52,994 INFO org.springframework.web.servlet.FrameworkServlet [https-jsse-nio-8081-exec-6] Completed initialization in 1 ms
2023-06-16 12:32:53,045 INFO com.IBTim4.CertificatesApp.auth.JwtRequestFilter [https-jsse-nio-8081-exec-6] Getting GET request on: https://localhost:8081/api/user/google/oauth
2023-06-16 12:32:53,046 INFO com.IBTim4.CertificatesApp.auth.JwtRequestFilter [https-jsse-nio-8081-exec-6] Authorization header: null
2023-06-16 12:32:53,046 WARN com.IBTim4.CertificatesApp.auth.JwtRequestFilter [https-jsse-nio-8081-exec-6] JWT Token does not exist.
2023-06-16 12:33:01,444 INFO com.IBTim4.CertificatesApp.auth.OauthHandler [https-jsse-nio-8081-exec-5] Started OAuth login process
2023-06-16 12:33:02,107 INFO com.IBTim4.CertificatesApp.auth.OauthHandler [https-jsse-nio-8081-exec-5] Successfully generated a jwt token with OAuth credentials
2023-06-16 12:33:03,512 INFO com.IBTim4.CertificatesApp.auth.JwtRequestFilter [https-jsse-nio-8081-exec-5] Getting POST request on: https://localhost:8081/api/user/google/login
2023-06-16 12:33:03,513 INFO com.IBTim4.CertificatesApp.auth.JwtRequestFilter [https-jsse-nio-8081-exec-5] Authorization header: null
2023-06-16 12:33:03,513 WARN com.IBTim4.CertificatesApp.auth.JwtRequestFilter [https-jsse-nio-8081-exec-5] JWT Token does not exist.
2023-06-16 12:34:09,575 INFO com.IBTim4.CertificatesApp.auth.JwtRequestFilter [https-jsse-nio-8081-exec-4] Getting GET request on: https://localhost:8081/api/certificate/all
2023-06-16 12:34:09,576 INFO com.IBTim4.CertificatesApp.auth.JwtRequestFilter [https-jsse-nio-8081-exec-4] Authorization header: Bearer "eyJhbGciOiJIUzUxMiJ9.eyJzdWIiOiJtaWtpY2FtaWtpLmJhdEBnbWFpbC5jb20iLCJyb2xlIjoiQVVUSEVOVElDQVRFRF9VU0VSIiwicGhvbmUiOiIrMzgxNjkyNTMyMjAxIiwiaWQiOjUsImV4cCI6MTY4NjkxMTc2MiwiaWF0IjoxNjg2OTExNTgyfQ.rFq2lMP-atxda_Z3RYOv1crPUSRQ-JltBtaCA2pFMVepVpjnvsy4ZCbmlHXyPdRamBnVyLr7c2EmER50hUF9TQ"
2023-06-16 12:34:09,778 INFO com.IBTim4.CertificatesApp.certificate.controller.CertificateController [https-jsse-nio-8081-exec-4] Started getting all certificates.
2023-06-16 12:34:25,173 INFO com.IBTim4.CertificatesApp.auth.JwtRequestFilter [https-jsse-nio-8081-exec-9] Getting GET request on: https://localhost:8081/api/certificate/request/5
2023-06-16 12:34:25,175 INFO com.IBTim4.CertificatesApp.auth.JwtRequestFilter [https-jsse-nio-8081-exec-9] Authorization header: Bearer "eyJhbGciOiJIUzUxMiJ9.eyJzdWIiOiJtaWtpY2FtaWtpLmJhdEBnbWFpbC5jb20iLCJyb2xlIjoiQVVUSEVOVElDQVRFRF9VU0VSIiwicGhvbmUiOiIrMzgxNjkyNTMyMjAxIiwiaWQiOjUsImV4cCI6MTY4NjkxMTc2MiwiaWF0IjoxNjg2OTExNTgyfQ.rFq2lMP-atxda_Z3RYOv1crPUSRQ-JltBtaCA2pFMVepVpjnvsy4ZCbmlHXyPdRamBnVyLr7c2EmER50hUF9TQ"
2023-06-16 12:34:25,207 INFO com.IBTim4.CertificatesApp.certificate.controller.CertificateController [https-jsse-nio-8081-exec-9] Getting requests for user with ID: 5
2023-06-16 12:34:39,515 INFO com.IBTim4.CertificatesApp.auth.JwtRequestFilter [https-jsse-nio-8081-exec-9] Getting GET request on: https://localhost:8081/api/certificate/all
2023-06-16 12:34:39,515 INFO com.IBTim4.CertificatesApp.auth.JwtRequestFilter [https-jsse-nio-8081-exec-9] Authorization header: Bearer "eyJhbGciOiJIUzUxMiJ9.eyJzdWIiOiJtaWtpY2FtaWtpLmJhdEBnbWFpbC5jb20iLCJyb2xlIjoiQVVUSEVOVElDQVRFRF9VU0VSIiwicGhvbmUiOiIrMzgxNjkyNTMyMjAxIiwiaWQiOjUsImV4cCI6MTY4NjkxMTc2MiwiaWF0IjoxNjg2OTExNTgyfQ.rFq2lMP-atxda_Z3RYOv1crPUSRQ-JltBtaCA2pFMVepVpjnvsy4ZCbmlHXyPdRamBnVyLr7c2EmER50hUF9TQ"
2023-06-16 12:34:39,529 INFO com.IBTim4.CertificatesApp.certificate.controller.CertificateController [https-jsse-nio-8081-exec-9] Started getting all certificates.
2023-06-16 12:35:01,598 INFO com.IBTim4.CertificatesApp.auth.JwtRequestFilter [https-jsse-nio-8081-exec-2] Getting POST request on: https://localhost:8081/api/certificate/request
2023-06-16 12:35:01,601 INFO com.IBTim4.CertificatesApp.auth.JwtRequestFilter [https-jsse-nio-8081-exec-2] Authorization header: Bearer "eyJhbGciOiJIUzUxMiJ9.eyJzdWIiOiJtaWtpY2FtaWtpLmJhdEBnbWFpbC5jb20iLCJyb2xlIjoiQVVUSEVOVElDQVRFRF9VU0VSIiwicGhvbmUiOiIrMzgxNjkyNTMyMjAxIiwiaWQiOjUsImV4cCI6MTY4NjkxMTc2MiwiaWF0IjoxNjg2OTExNTgyfQ.rFq2lMP-atxda_Z3RYOv1crPUSRQ-JltBtaCA2pFMVepVpjnvsy4ZCbmlHXyPdRamBnVyLr7c2EmER50hUF9TQ"
2023-06-16 12:35:01,671 INFO com.IBTim4.CertificatesApp.certificate.controller.CertificateController [https-jsse-nio-8081-exec-2] Creating request for user with ID: 5
2023-06-16 12:35:01,706 ERROR com.IBTim4.CertificatesApp.exceptions.ExceptionHandlerAdvice [https-jsse-nio-8081-exec-2] CustomExceptionWithMessage occurred with status 400 BAD_REQUEST: Issuer will expire before the new certificate expires!
2023-06-16 12:36:46,819 INFO com.IBTim4.CertificatesApp.auth.JwtRequestFilter [https-jsse-nio-8081-exec-7] Getting GET request on: https://localhost:8081/api/user/google/oauth
2023-06-16 12:36:46,819 INFO com.IBTim4.CertificatesApp.auth.JwtRequestFilter [https-jsse-nio-8081-exec-7] Authorization header: null
2023-06-16 12:36:46,820 WARN com.IBTim4.CertificatesApp.auth.JwtRequestFilter [https-jsse-nio-8081-exec-7] JWT Token does not exist.
2023-06-16 12:36:51,300 INFO com.IBTim4.CertificatesApp.auth.OauthHandler [https-jsse-nio-8081-exec-6] Started OAuth login process
2023-06-16 12:36:51,304 INFO com.IBTim4.CertificatesApp.auth.OauthHandler [https-jsse-nio-8081-exec-6] Successfully generated a jwt token with OAuth credentials
2023-06-16 12:36:53,133 INFO com.IBTim4.CertificatesApp.auth.JwtRequestFilter [https-jsse-nio-8081-exec-7] Getting POST request on: https://localhost:8081/api/user/google/login
2023-06-16 12:36:53,134 INFO com.IBTim4.CertificatesApp.auth.JwtRequestFilter [https-jsse-nio-8081-exec-7] Authorization header: null
2023-06-16 12:36:53,134 WARN com.IBTim4.CertificatesApp.auth.JwtRequestFilter [https-jsse-nio-8081-exec-7] JWT Token does not exist.
2023-06-16 12:37:09,732 INFO com.IBTim4.CertificatesApp.auth.JwtRequestFilter [https-jsse-nio-8081-exec-3] Getting POST request on: https://localhost:8081/api/certificate/request
2023-06-16 12:37:09,732 INFO com.IBTim4.CertificatesApp.auth.JwtRequestFilter [https-jsse-nio-8081-exec-3] Authorization header: Bearer "eyJhbGciOiJIUzUxMiJ9.eyJzdWIiOiJtaWtpY2FtaWtpLmJhdEBnbWFpbC5jb20iLCJyb2xlIjoiQVVUSEVOVElDQVRFRF9VU0VSIiwicGhvbmUiOiIrMzgxNjkyNTMyMjAxIiwiaWQiOjUsImV4cCI6MTY4NjkxMTk5MSwiaWF0IjoxNjg2OTExODExfQ.qNmlfxzuXHFyKJZ_K73BKymVn4dQkr-ZXDnKhHUPNBDxcsi4y56pM5kJKW6dz6DJYQmklPDFVjja2Eol2yCk9g"
2023-06-16 12:37:09,744 INFO com.IBTim4.CertificatesApp.certificate.controller.CertificateController [https-jsse-nio-8081-exec-3] Creating request for user with ID: 5
2023-06-16 12:37:09,747 ERROR com.IBTim4.CertificatesApp.exceptions.ExceptionHandlerAdvice [https-jsse-nio-8081-exec-3] CustomExceptionWithMessage occurred with status 400 BAD_REQUEST: Certificate with that serial number does not exist!
