2023-05-31 10:32:56,374 INFO org.hibernate.validator.internal.util.Version [background-preinit] HV000001: Hibernate Validator 6.2.5.Final
2023-05-31 10:32:56,374 INFO org.springframework.boot.StartupInfoLogger [main] Starting CertificatesAppApplication using Java 17.0.5 on MilosStojanovic with PID 4484 (D:\Faks\3. Godina\Informaciona bezbednost\IB-Tim4\backend\target\classes started by MMDE Laptop in D:\Faks\3. Godina\Informaciona bezbednost\IB-Tim4\backend)
2023-05-31 10:32:56,383 DEBUG org.springframework.boot.StartupInfoLogger [main] Running with Spring Boot v2.7.9, Spring v5.3.25
2023-05-31 10:32:56,385 INFO org.springframework.boot.SpringApplication [main] No active profile set, falling back to 1 default profile: "default"
2023-05-31 10:33:01,557 INFO org.springframework.data.repository.config.RepositoryConfigurationDelegate [main] Bootstrapping Spring Data JPA repositories in DEFAULT mode.
2023-05-31 10:33:02,106 INFO org.springframework.data.repository.config.RepositoryConfigurationDelegate [main] Finished Spring Data repository scanning in 524 ms. Found 5 JPA repository interfaces.
2023-05-31 10:33:05,626 INFO org.springframework.boot.web.embedded.tomcat.TomcatWebServer [main] Tomcat initialized with port(s): 8081 (http)
2023-05-31 10:33:05,662 INFO org.apache.juli.logging.DirectJDKLog [main] Initializing ProtocolHandler ["http-nio-8081"]
2023-05-31 10:33:05,663 INFO org.apache.juli.logging.DirectJDKLog [main] Starting service [Tomcat]
2023-05-31 10:33:05,665 INFO org.apache.juli.logging.DirectJDKLog [main] Starting Servlet engine: [Apache Tomcat/9.0.71]
2023-05-31 10:33:06,296 INFO org.apache.juli.logging.DirectJDKLog [main] Initializing Spring embedded WebApplicationContext
2023-05-31 10:33:06,297 INFO org.springframework.boot.web.servlet.context.ServletWebServerApplicationContext [main] Root WebApplicationContext: initialization completed in 9748 ms
2023-05-31 10:33:07,063 INFO org.hibernate.jpa.internal.util.LogHelper [main] HHH000204: Processing PersistenceUnitInfo [name: default]
2023-05-31 10:33:07,310 INFO org.hibernate.Version [main] HHH000412: Hibernate ORM core version 5.6.15.Final
2023-05-31 10:33:08,268 INFO org.hibernate.annotations.common.reflection.java.JavaReflectionManager [main] HCANN000001: Hibernate Commons Annotations {5.1.2.Final}
2023-05-31 10:33:08,646 INFO com.zaxxer.hikari.HikariDataSource [main] HikariPool-1 - Starting...
2023-05-31 10:33:09,432 INFO com.zaxxer.hikari.HikariDataSource [main] HikariPool-1 - Start completed.
2023-05-31 10:33:09,488 INFO org.hibernate.dialect.Dialect [main] HHH000400: Using dialect: org.hibernate.dialect.PostgreSQLDialect
2023-05-31 10:33:14,972 INFO org.hibernate.engine.transaction.jta.platform.internal.JtaPlatformInitiator [main] HHH000490: Using JtaPlatform implementation: [org.hibernate.engine.transaction.jta.platform.internal.NoJtaPlatform]
2023-05-31 10:33:15,013 INFO org.springframework.orm.jpa.AbstractEntityManagerFactoryBean [main] Initialized JPA EntityManagerFactory for persistence unit 'default'
2023-05-31 10:33:16,461 DEBUG org.springframework.web.filter.GenericFilterBean [main] Filter 'jwtRequestFilter' configured for use
2023-05-31 10:33:17,765 WARN org.springframework.boot.autoconfigure.orm.jpa.JpaBaseConfiguration$JpaWebConfiguration [main] spring.jpa.open-in-view is enabled by default. Therefore, database queries may be performed during view rendering. Explicitly configure spring.jpa.open-in-view to disable this warning
2023-05-31 10:33:18,422 INFO org.springframework.security.web.DefaultSecurityFilterChain [main] Will secure any request with [org.springframework.security.web.session.DisableEncodeUrlFilter@67e21ea2, org.springframework.security.web.context.request.async.WebAsyncManagerIntegrationFilter@2184962c, org.springframework.security.web.context.SecurityContextPersistenceFilter@6839d03b, org.springframework.security.web.header.HeaderWriterFilter@11a7840f, org.springframework.web.filter.CorsFilter@4d9bccfe, org.springframework.security.web.authentication.logout.LogoutFilter@89465d9, com.IBTim4.CertificatesApp.auth.JwtRequestFilter@6c851821, org.springframework.security.web.savedrequest.RequestCacheAwareFilter@703e5614, org.springframework.security.web.servletapi.SecurityContextHolderAwareRequestFilter@627d5f99, org.springframework.security.web.authentication.AnonymousAuthenticationFilter@412440c1, org.springframework.security.web.session.SessionManagementFilter@61607ff0, org.springframework.security.web.access.ExceptionTranslationFilter@66d69cd2, org.springframework.security.web.access.intercept.FilterSecurityInterceptor@5e0bba2f]
2023-05-31 10:33:18,998 INFO org.apache.juli.logging.DirectJDKLog [main] Starting ProtocolHandler ["http-nio-8081"]
2023-05-31 10:33:19,046 INFO org.springframework.boot.web.embedded.tomcat.TomcatWebServer [main] Tomcat started on port(s): 8081 (http) with context path ''
2023-05-31 10:33:19,079 INFO org.springframework.boot.StartupInfoLogger [main] Started CertificatesAppApplication in 24.478 seconds (JVM running for 28.992)
2023-05-31 10:33:25,030 INFO org.apache.juli.logging.DirectJDKLog [http-nio-8081-exec-1] Initializing Spring DispatcherServlet 'dispatcherServlet'
2023-05-31 10:33:25,030 INFO org.springframework.web.servlet.FrameworkServlet [http-nio-8081-exec-1] Initializing Servlet 'dispatcherServlet'
2023-05-31 10:33:25,034 INFO org.springframework.web.servlet.FrameworkServlet [http-nio-8081-exec-1] Completed initialization in 3 ms
2023-05-31 10:33:25,129 WARN com.IBTim4.CertificatesApp.auth.JwtRequestFilter [http-nio-8081-exec-1] JWT Token does not exist.
2023-05-31 10:33:25,813 INFO com.IBTim4.CertificatesApp.appUser.controller.AppUserController [http-nio-8081-exec-1] Login started.
2023-05-31 10:33:27,804 INFO com.IBTim4.CertificatesApp.appUser.controller.AppUserController [http-nio-8081-exec-1] Login successful.
2023-05-31 10:33:27,809 INFO com.IBTim4.CertificatesApp.appUser.controller.AppUserController [http-nio-8081-exec-1] Password rotation is not required
2023-05-31 10:33:46,949 INFO org.springframework.orm.jpa.AbstractEntityManagerFactoryBean [SpringApplicationShutdownHook] Closing JPA EntityManagerFactory for persistence unit 'default'
2023-05-31 10:33:46,956 INFO com.zaxxer.hikari.HikariDataSource [SpringApplicationShutdownHook] HikariPool-1 - Shutdown initiated...
2023-05-31 10:33:46,972 INFO com.zaxxer.hikari.HikariDataSource [SpringApplicationShutdownHook] HikariPool-1 - Shutdown completed.
