2023-06-16 18:09:47,913 INFO org.hibernate.validator.internal.util.Version [background-preinit] HV000001: Hibernate Validator 6.2.5.Final
2023-06-16 18:09:47,930 INFO org.springframework.boot.StartupInfoLogger [main] Starting CertificatesAppApplication using Java 17.0.5 on MilosStojanovic with PID 14132 (D:\Faks\3. Godina\Informaciona bezbednost\IB-Tim4\backend\target\classes started by MMDE Laptop in D:\Faks\3. Godina\Informaciona bezbednost\IB-Tim4\backend)
2023-06-16 18:09:47,931 DEBUG org.springframework.boot.StartupInfoLogger [main] Running with Spring Boot v2.7.9, Spring v5.3.25
2023-06-16 18:09:47,933 INFO org.springframework.boot.SpringApplication [main] No active profile set, falling back to 1 default profile: "default"
2023-06-16 18:09:50,976 INFO org.springframework.data.repository.config.RepositoryConfigurationDelegate [main] Bootstrapping Spring Data JPA repositories in DEFAULT mode.
2023-06-16 18:09:51,198 INFO org.springframework.data.repository.config.RepositoryConfigurationDelegate [main] Finished Spring Data repository scanning in 201 ms. Found 5 JPA repository interfaces.
2023-06-16 18:09:54,973 INFO org.springframework.boot.web.embedded.tomcat.TomcatWebServer [main] Tomcat initialized with port(s): 8081 (https)
2023-06-16 18:09:55,024 INFO org.apache.juli.logging.DirectJDKLog [main] Initializing ProtocolHandler ["https-jsse-nio-8081"]
2023-06-16 18:09:55,039 INFO org.apache.juli.logging.DirectJDKLog [main] Starting service [Tomcat]
2023-06-16 18:09:55,040 INFO org.apache.juli.logging.DirectJDKLog [main] Starting Servlet engine: [Apache Tomcat/9.0.71]
2023-06-16 18:09:56,016 INFO org.apache.juli.logging.DirectJDKLog [main] Initializing Spring embedded WebApplicationContext
2023-06-16 18:09:56,017 INFO org.springframework.boot.web.servlet.context.ServletWebServerApplicationContext [main] Root WebApplicationContext: initialization completed in 7926 ms
2023-06-16 18:09:56,110 INFO com.zaxxer.hikari.HikariDataSource [main] HikariPool-1 - Starting...
2023-06-16 18:09:57,393 INFO com.zaxxer.hikari.HikariDataSource [main] HikariPool-1 - Start completed.
2023-06-16 18:09:57,418 INFO org.springframework.boot.autoconfigure.h2.H2ConsoleAutoConfiguration [main] H2 console available at '/h2-console'. Database available at 'jdbc:postgresql://localhost:5432/postgres?ssl=true&mode=require&cert=src/main/resources/keystore/localhost.crt&key=src/main/resources/keystore/localhost.key&sslrootcert=src/main/resources/keystore/ca.crt'
2023-06-16 18:09:57,963 INFO org.hibernate.jpa.internal.util.LogHelper [main] HHH000204: Processing PersistenceUnitInfo [name: default]
2023-06-16 18:09:58,130 INFO org.hibernate.Version [main] HHH000412: Hibernate ORM core version 5.6.15.Final
2023-06-16 18:09:58,680 INFO org.hibernate.annotations.common.reflection.java.JavaReflectionManager [main] HCANN000001: Hibernate Commons Annotations {5.1.2.Final}
2023-06-16 18:09:59,032 INFO org.hibernate.dialect.Dialect [main] HHH000400: Using dialect: org.hibernate.dialect.PostgreSQLDialect
2023-06-16 18:10:02,087 INFO org.hibernate.engine.transaction.jta.platform.internal.JtaPlatformInitiator [main] HHH000490: Using JtaPlatform implementation: [org.hibernate.engine.transaction.jta.platform.internal.NoJtaPlatform]
2023-06-16 18:10:02,107 INFO org.springframework.orm.jpa.AbstractEntityManagerFactoryBean [main] Initialized JPA EntityManagerFactory for persistence unit 'default'
2023-06-16 18:10:02,964 DEBUG org.springframework.web.filter.GenericFilterBean [main] Filter 'jwtRequestFilter' configured for use
2023-06-16 18:10:04,529 WARN org.springframework.boot.autoconfigure.orm.jpa.JpaBaseConfiguration$JpaWebConfiguration [main] spring.jpa.open-in-view is enabled by default. Therefore, database queries may be performed during view rendering. Explicitly configure spring.jpa.open-in-view to disable this warning
2023-06-16 18:10:05,071 INFO org.springframework.security.web.DefaultSecurityFilterChain [main] Will secure any request with [org.springframework.security.web.session.DisableEncodeUrlFilter@58189132, org.springframework.security.web.context.request.async.WebAsyncManagerIntegrationFilter@2305aad0, org.springframework.security.web.context.SecurityContextPersistenceFilter@4202276, org.springframework.security.web.header.HeaderWriterFilter@2b18b308, org.springframework.web.filter.CorsFilter@1c15a6aa, org.springframework.security.web.authentication.logout.LogoutFilter@6aaf1ce8, org.springframework.security.oauth2.client.web.OAuth2AuthorizationRequestRedirectFilter@24ce5d4c, org.springframework.security.oauth2.client.web.OAuth2AuthorizationRequestRedirectFilter@6dbdbb69, org.springframework.security.oauth2.client.web.OAuth2LoginAuthenticationFilter@576a8b00, com.IBTim4.CertificatesApp.auth.JwtRequestFilter@472dbaf5, org.springframework.security.web.savedrequest.RequestCacheAwareFilter@34588991, org.springframework.security.web.servletapi.SecurityContextHolderAwareRequestFilter@3d01b609, org.springframework.security.web.authentication.AnonymousAuthenticationFilter@7dc963be, org.springframework.security.oauth2.client.web.OAuth2AuthorizationCodeGrantFilter@2d5435d4, org.springframework.security.web.session.SessionManagementFilter@2e015ac1, org.springframework.security.web.access.ExceptionTranslationFilter@1771d6a5, org.springframework.security.web.access.intercept.FilterSecurityInterceptor@2af31aba]
2023-06-16 18:10:05,759 INFO org.apache.juli.logging.DirectJDKLog [main] Starting ProtocolHandler ["https-jsse-nio-8081"]
2023-06-16 18:10:06,052 INFO org.springframework.boot.web.embedded.tomcat.TomcatWebServer [main] Tomcat started on port(s): 8081 (https) with context path ''
2023-06-16 18:10:06,075 INFO org.springframework.boot.StartupInfoLogger [main] Started CertificatesAppApplication in 19.255 seconds (JVM running for 20.991)
2023-06-16 18:21:29,926 INFO org.apache.juli.logging.DirectJDKLog [https-jsse-nio-8081-exec-9] Initializing Spring DispatcherServlet 'dispatcherServlet'
2023-06-16 18:21:29,926 INFO org.springframework.web.servlet.FrameworkServlet [https-jsse-nio-8081-exec-9] Initializing Servlet 'dispatcherServlet'
2023-06-16 18:21:29,927 INFO org.springframework.web.servlet.FrameworkServlet [https-jsse-nio-8081-exec-9] Completed initialization in 1 ms
2023-06-16 18:21:29,974 INFO com.IBTim4.CertificatesApp.auth.JwtRequestFilter [https-jsse-nio-8081-exec-9] Getting GET request on: https://localhost:8081/api/captcha/validate/
2023-06-16 18:21:29,975 INFO com.IBTim4.CertificatesApp.auth.JwtRequestFilter [https-jsse-nio-8081-exec-9] Authorization header: null
2023-06-16 18:21:29,976 WARN com.IBTim4.CertificatesApp.auth.JwtRequestFilter [https-jsse-nio-8081-exec-9] JWT Token does not exist.
2023-06-16 18:21:30,873 INFO com.IBTim4.CertificatesApp.auth.JwtRequestFilter [https-jsse-nio-8081-exec-1] Getting POST request on: https://localhost:8081/api/user/login
2023-06-16 18:21:30,875 INFO com.IBTim4.CertificatesApp.auth.JwtRequestFilter [https-jsse-nio-8081-exec-1] Authorization header: null
2023-06-16 18:21:30,876 WARN com.IBTim4.CertificatesApp.auth.JwtRequestFilter [https-jsse-nio-8081-exec-1] JWT Token does not exist.
2023-06-16 18:21:31,162 INFO com.IBTim4.CertificatesApp.appUser.controller.AppUserController [https-jsse-nio-8081-exec-1] Login started.
2023-06-16 18:21:31,558 INFO com.IBTim4.CertificatesApp.appUser.controller.AppUserController [https-jsse-nio-8081-exec-1] Trying to log in user with ID: 9
2023-06-16 18:21:31,721 INFO com.IBTim4.CertificatesApp.appUser.controller.AppUserController [https-jsse-nio-8081-exec-1] Login successful.
2023-06-16 18:21:31,722 INFO com.IBTim4.CertificatesApp.appUser.controller.AppUserController [https-jsse-nio-8081-exec-1] Password rotation is not required.
2023-06-16 18:21:31,794 INFO com.IBTim4.CertificatesApp.auth.JwtRequestFilter [https-jsse-nio-8081-exec-2] Getting GET request on: https://localhost:8081/api/user/generateEmailOTP/3sparklez.cat@gmail.com
2023-06-16 18:21:31,795 INFO com.IBTim4.CertificatesApp.auth.JwtRequestFilter [https-jsse-nio-8081-exec-2] Authorization header: null
2023-06-16 18:21:31,795 WARN com.IBTim4.CertificatesApp.auth.JwtRequestFilter [https-jsse-nio-8081-exec-2] JWT Token does not exist.
2023-06-16 18:21:31,811 INFO com.IBTim4.CertificatesApp.appUser.controller.AppUserController [https-jsse-nio-8081-exec-2] Generating email OTP started.
2023-06-16 18:21:33,174 INFO com.IBTim4.CertificatesApp.appUser.controller.AppUserController [https-jsse-nio-8081-exec-2] OTP has been successfully generated, and awaits your verification 2023-06-16T18:21:33.174703900
2023-06-16 18:21:33,174 INFO com.IBTim4.CertificatesApp.appUser.controller.AppUserController [https-jsse-nio-8081-exec-2] OTP successfully generated and sent.
2023-06-16 18:21:57,289 INFO com.IBTim4.CertificatesApp.auth.JwtRequestFilter [https-jsse-nio-8081-exec-3] Getting POST request on: https://localhost:8081/api/user/verifyOTP/
2023-06-16 18:21:57,289 INFO com.IBTim4.CertificatesApp.auth.JwtRequestFilter [https-jsse-nio-8081-exec-3] Authorization header: null
2023-06-16 18:21:57,290 WARN com.IBTim4.CertificatesApp.auth.JwtRequestFilter [https-jsse-nio-8081-exec-3] JWT Token does not exist.
2023-06-16 18:21:57,303 INFO com.IBTim4.CertificatesApp.appUser.controller.AppUserController [https-jsse-nio-8081-exec-3] Verifying OTP started.
2023-06-16 18:21:57,486 INFO com.IBTim4.CertificatesApp.appUser.controller.AppUserController [https-jsse-nio-8081-exec-3] Verification is successful.
2023-06-16 18:22:00,234 INFO com.IBTim4.CertificatesApp.auth.JwtRequestFilter [https-jsse-nio-8081-exec-7] Getting GET request on: https://localhost:8081/api/certificate/all
2023-06-16 18:22:00,235 INFO com.IBTim4.CertificatesApp.auth.JwtRequestFilter [https-jsse-nio-8081-exec-7] Authorization header: Bearer "eyJhbGciOiJIUzUxMiJ9.eyJzdWIiOiIzc3BhcmtsZXouY2F0QGdtYWlsLmNvbSIsInJvbGUiOiJBVVRIRU5USUNBVEVEX1VTRVIiLCJwaG9uZSI6IiszODE2OTIyMjIyMiIsImlkIjo5LCJleHAiOjE2ODY5MzI2NzEsImlhdCI6MTY4NjkzMjQ5MX0.4ff_Eq1sPo6yWnuD0nDsLOh9dtkBzdL8elgCF3fYxKwtr3o0nS_fywHKH9RE4wbNIE20ESRIsnI7Sxc_NTn7Sg"
2023-06-16 18:22:00,435 INFO com.IBTim4.CertificatesApp.certificate.controller.CertificateController [https-jsse-nio-8081-exec-7] Started getting all certificates.
2023-06-16 18:26:02,235 INFO org.springframework.orm.jpa.AbstractEntityManagerFactoryBean [SpringApplicationShutdownHook] Closing JPA EntityManagerFactory for persistence unit 'default'
2023-06-16 18:26:02,238 INFO com.zaxxer.hikari.HikariDataSource [SpringApplicationShutdownHook] HikariPool-1 - Shutdown initiated...
2023-06-16 18:26:02,258 INFO com.zaxxer.hikari.HikariDataSource [SpringApplicationShutdownHook] HikariPool-1 - Shutdown completed.
